{"numFailedTestSuites":1,"numFailedTests":3,"numPassedTestSuites":6,"numPassedTests":39,"numPendingTestSuites":0,"numPendingTests":0,"numRuntimeErrorTestSuites":0,"numTodoTests":0,"numTotalTestSuites":7,"numTotalTests":42,"openHandles":[],"snapshot":{"added":0,"didUpdate":false,"failure":false,"filesAdded":0,"filesRemoved":0,"filesRemovedList":[],"filesUnmatched":0,"filesUpdated":0,"matched":0,"total":0,"unchecked":0,"uncheckedKeysByFile":[],"unmatched":0,"updated":0},"startTime":1745166522070,"success":false,"testResults":[{"assertionResults":[{"ancestorTitles":["WebSocket Real-Time Events"],"duration":108,"failureDetails":[],"failureMessages":[],"fullName":"WebSocket Real-Time Events should emit item:created event via WebSocket when a new item is created","invocations":1,"location":null,"numPassingAsserts":4,"retryReasons":[],"status":"passed","title":"should emit item:created event via WebSocket when a new item is created"},{"ancestorTitles":["WebSocket Real-Time Events"],"duration":5015,"failureDetails":[{"message":"thrown: \"Exceeded timeout of 5000 ms for a test.\nAdd a timeout value to this test to increase the timeout, if this is a long-running test. See https://jestjs.io/docs/api#testname-fn-timeout.\""}],"failureMessages":["Error: thrown: \"Exceeded timeout of 5000 ms for a test.\nAdd a timeout value to this test to increase the timeout, if this is a long-running test. See https://jestjs.io/docs/api#testname-fn-timeout.\"\n    at D:\\communitu-barter-system\\barter-community-nexus\\barter-backend\\tests\\websocket-events.test.ts:95:3\n    at _dispatchDescribe (D:\\communitu-barter-system\\barter-community-nexus\\node_modules\\jest-circus\\build\\index.js:91:26)\n    at describe (D:\\communitu-barter-system\\barter-community-nexus\\node_modules\\jest-circus\\build\\index.js:55:5)\n    at Object.<anonymous> (D:\\communitu-barter-system\\barter-community-nexus\\barter-backend\\tests\\websocket-events.test.ts:8:1)\n    at Runtime._execModule (D:\\communitu-barter-system\\barter-community-nexus\\node_modules\\jest-runtime\\build\\index.js:1439:24)\n    at Runtime._loadModule (D:\\communitu-barter-system\\barter-community-nexus\\node_modules\\jest-runtime\\build\\index.js:1022:12)\n    at Runtime.requireModule (D:\\communitu-barter-system\\barter-community-nexus\\node_modules\\jest-runtime\\build\\index.js:882:12)\n    at jestAdapter (D:\\communitu-barter-system\\barter-community-nexus\\node_modules\\jest-circus\\build\\legacy-code-todo-rewrite\\jestAdapter.js:77:13)\n    at runTestInternal (D:\\communitu-barter-system\\barter-community-nexus\\node_modules\\jest-runner\\build\\runTest.js:367:16)\n    at runTest (D:\\communitu-barter-system\\barter-community-nexus\\node_modules\\jest-runner\\build\\runTest.js:444:34)"],"fullName":"WebSocket Real-Time Events should emit item:updated event via WebSocket when an item is updated","invocations":1,"location":null,"numPassingAsserts":2,"retryReasons":[],"status":"failed","title":"should emit item:updated event via WebSocket when an item is updated"},{"ancestorTitles":["WebSocket Real-Time Events"],"duration":5005,"failureDetails":[{"message":"thrown: \"Exceeded timeout of 5000 ms for a test.\nAdd a timeout value to this test to increase the timeout, if this is a long-running test. See https://jestjs.io/docs/api#testname-fn-timeout.\""}],"failureMessages":["Error: thrown: \"Exceeded timeout of 5000 ms for a test.\nAdd a timeout value to this test to increase the timeout, if this is a long-running test. See https://jestjs.io/docs/api#testname-fn-timeout.\"\n    at D:\\communitu-barter-system\\barter-community-nexus\\barter-backend\\tests\\websocket-events.test.ts:148:3\n    at _dispatchDescribe (D:\\communitu-barter-system\\barter-community-nexus\\node_modules\\jest-circus\\build\\index.js:91:26)\n    at describe (D:\\communitu-barter-system\\barter-community-nexus\\node_modules\\jest-circus\\build\\index.js:55:5)\n    at Object.<anonymous> (D:\\communitu-barter-system\\barter-community-nexus\\barter-backend\\tests\\websocket-events.test.ts:8:1)\n    at Runtime._execModule (D:\\communitu-barter-system\\barter-community-nexus\\node_modules\\jest-runtime\\build\\index.js:1439:24)\n    at Runtime._loadModule (D:\\communitu-barter-system\\barter-community-nexus\\node_modules\\jest-runtime\\build\\index.js:1022:12)\n    at Runtime.requireModule (D:\\communitu-barter-system\\barter-community-nexus\\node_modules\\jest-runtime\\build\\index.js:882:12)\n    at jestAdapter (D:\\communitu-barter-system\\barter-community-nexus\\node_modules\\jest-circus\\build\\legacy-code-todo-rewrite\\jestAdapter.js:77:13)\n    at runTestInternal (D:\\communitu-barter-system\\barter-community-nexus\\node_modules\\jest-runner\\build\\runTest.js:367:16)\n    at runTest (D:\\communitu-barter-system\\barter-community-nexus\\node_modules\\jest-runner\\build\\runTest.js:444:34)"],"fullName":"WebSocket Real-Time Events should emit item:deleted event via WebSocket when an item is deleted","invocations":1,"location":null,"numPassingAsserts":2,"retryReasons":[],"status":"failed","title":"should emit item:deleted event via WebSocket when an item is deleted"},{"ancestorTitles":["WebSocket Real-Time Events"],"duration":5004,"failureDetails":[{"message":"thrown: \"Exceeded timeout of 5000 ms for a test.\nAdd a timeout value to this test to increase the timeout, if this is a long-running test. See https://jestjs.io/docs/api#testname-fn-timeout.\""}],"failureMessages":["Error: thrown: \"Exceeded timeout of 5000 ms for a test.\nAdd a timeout value to this test to increase the timeout, if this is a long-running test. See https://jestjs.io/docs/api#testname-fn-timeout.\"\n    at D:\\communitu-barter-system\\barter-community-nexus\\barter-backend\\tests\\websocket-events.test.ts:197:3\n    at _dispatchDescribe (D:\\communitu-barter-system\\barter-community-nexus\\node_modules\\jest-circus\\build\\index.js:91:26)\n    at describe (D:\\communitu-barter-system\\barter-community-nexus\\node_modules\\jest-circus\\build\\index.js:55:5)\n    at Object.<anonymous> (D:\\communitu-barter-system\\barter-community-nexus\\barter-backend\\tests\\websocket-events.test.ts:8:1)\n    at Runtime._execModule (D:\\communitu-barter-system\\barter-community-nexus\\node_modules\\jest-runtime\\build\\index.js:1439:24)\n    at Runtime._loadModule (D:\\communitu-barter-system\\barter-community-nexus\\node_modules\\jest-runtime\\build\\index.js:1022:12)\n    at Runtime.requireModule (D:\\communitu-barter-system\\barter-community-nexus\\node_modules\\jest-runtime\\build\\index.js:882:12)\n    at jestAdapter (D:\\communitu-barter-system\\barter-community-nexus\\node_modules\\jest-circus\\build\\legacy-code-todo-rewrite\\jestAdapter.js:77:13)\n    at runTestInternal (D:\\communitu-barter-system\\barter-community-nexus\\node_modules\\jest-runner\\build\\runTest.js:367:16)\n    at runTest (D:\\communitu-barter-system\\barter-community-nexus\\node_modules\\jest-runner\\build\\runTest.js:444:34)"],"fullName":"WebSocket Real-Time Events should emit activity_log_update event via WebSocket when an activity is logged","invocations":1,"location":null,"numPassingAsserts":1,"retryReasons":[],"status":"failed","title":"should emit activity_log_update event via WebSocket when an activity is logged"}],"endTime":1745166538200,"message":"\u001b[1m\u001b[31m  \u001b[1m● \u001b[22m\u001b[1mWebSocket Real-Time Events › should emit item:updated event via WebSocket when an item is updated\u001b[39m\u001b[22m\n\n    thrown: \"Exceeded timeout of 5000 ms for a test.\n    Add a timeout value to this test to increase the timeout, if this is a long-running test. See https://jestjs.io/docs/api#testname-fn-timeout.\"\n\u001b[2m\u001b[22m\n\u001b[2m    \u001b[0m \u001b[90m 93 |\u001b[39m   })\u001b[33m;\u001b[39m\u001b[22m\n\u001b[2m     \u001b[90m 94 |\u001b[39m\u001b[22m\n\u001b[2m    \u001b[31m\u001b[1m>\u001b[22m\u001b[2m\u001b[39m\u001b[90m 95 |\u001b[39m   it(\u001b[32m\"should emit item:updated event via WebSocket when an item is updated\"\u001b[39m\u001b[33m,\u001b[39m \u001b[36masync\u001b[39m () \u001b[33m=>\u001b[39m {\u001b[22m\n\u001b[2m     \u001b[90m    |\u001b[39m   \u001b[31m\u001b[1m^\u001b[22m\u001b[2m\u001b[39m\u001b[22m\n\u001b[2m     \u001b[90m 96 |\u001b[39m     jest\u001b[33m.\u001b[39msetTimeout(\u001b[35m15000\u001b[39m)\u001b[33m;\u001b[39m\u001b[22m\n\u001b[2m     \u001b[90m 97 |\u001b[39m     \u001b[36mconst\u001b[39m unique \u001b[33m=\u001b[39m \u001b[33mDate\u001b[39m\u001b[33m.\u001b[39mnow()\u001b[33m;\u001b[39m\u001b[22m\n\u001b[2m     \u001b[90m 98 |\u001b[39m     \u001b[90m// Create user and item\u001b[39m\u001b[0m\u001b[22m\n\u001b[2m\u001b[22m\n\u001b[2m      \u001b[2mat \u001b[22m\u001b[2m\u001b[0m\u001b[36mbarter-backend/tests/websocket-events.test.ts\u001b[39m\u001b[0m\u001b[2m:95:3\u001b[22m\u001b[2m\u001b[22m\n\u001b[2m      \u001b[2mat Object.<anonymous> (\u001b[22m\u001b[2m\u001b[0m\u001b[36mbarter-backend/tests/websocket-events.test.ts\u001b[39m\u001b[0m\u001b[2m:8:1)\u001b[22m\u001b[2m\u001b[22m\n\n\u001b[1m\u001b[31m  \u001b[1m● \u001b[22m\u001b[1mWebSocket Real-Time Events › should emit item:deleted event via WebSocket when an item is deleted\u001b[39m\u001b[22m\n\n    thrown: \"Exceeded timeout of 5000 ms for a test.\n    Add a timeout value to this test to increase the timeout, if this is a long-running test. See https://jestjs.io/docs/api#testname-fn-timeout.\"\n\u001b[2m\u001b[22m\n\u001b[2m    \u001b[0m \u001b[90m 146 |\u001b[39m   })\u001b[33m;\u001b[39m\u001b[22m\n\u001b[2m     \u001b[90m 147 |\u001b[39m\u001b[22m\n\u001b[2m    \u001b[31m\u001b[1m>\u001b[22m\u001b[2m\u001b[39m\u001b[90m 148 |\u001b[39m   it(\u001b[32m\"should emit item:deleted event via WebSocket when an item is deleted\"\u001b[39m\u001b[33m,\u001b[39m \u001b[36masync\u001b[39m () \u001b[33m=>\u001b[39m {\u001b[22m\n\u001b[2m     \u001b[90m     |\u001b[39m   \u001b[31m\u001b[1m^\u001b[22m\u001b[2m\u001b[39m\u001b[22m\n\u001b[2m     \u001b[90m 149 |\u001b[39m     jest\u001b[33m.\u001b[39msetTimeout(\u001b[35m15000\u001b[39m)\u001b[33m;\u001b[39m\u001b[22m\n\u001b[2m     \u001b[90m 150 |\u001b[39m     \u001b[36mconst\u001b[39m unique \u001b[33m=\u001b[39m \u001b[33mDate\u001b[39m\u001b[33m.\u001b[39mnow()\u001b[33m;\u001b[39m\u001b[22m\n\u001b[2m     \u001b[90m 151 |\u001b[39m     \u001b[90m// Create user and item\u001b[39m\u001b[0m\u001b[22m\n\u001b[2m\u001b[22m\n\u001b[2m      \u001b[2mat \u001b[22m\u001b[2m\u001b[0m\u001b[36mbarter-backend/tests/websocket-events.test.ts\u001b[39m\u001b[0m\u001b[2m:148:3\u001b[22m\u001b[2m\u001b[22m\n\u001b[2m      \u001b[2mat Object.<anonymous> (\u001b[22m\u001b[2m\u001b[0m\u001b[36mbarter-backend/tests/websocket-events.test.ts\u001b[39m\u001b[0m\u001b[2m:8:1)\u001b[22m\u001b[2m\u001b[22m\n\n\u001b[1m\u001b[31m  \u001b[1m● \u001b[22m\u001b[1mWebSocket Real-Time Events › should emit activity_log_update event via WebSocket when an activity is logged\u001b[39m\u001b[22m\n\n    thrown: \"Exceeded timeout of 5000 ms for a test.\n    Add a timeout value to this test to increase the timeout, if this is a long-running test. See https://jestjs.io/docs/api#testname-fn-timeout.\"\n\u001b[2m\u001b[22m\n\u001b[2m    \u001b[0m \u001b[90m 195 |\u001b[39m   })\u001b[33m;\u001b[39m\u001b[22m\n\u001b[2m     \u001b[90m 196 |\u001b[39m\u001b[22m\n\u001b[2m    \u001b[31m\u001b[1m>\u001b[22m\u001b[2m\u001b[39m\u001b[90m 197 |\u001b[39m   it(\u001b[32m\"should emit activity_log_update event via WebSocket when an activity is logged\"\u001b[39m\u001b[33m,\u001b[39m \u001b[36masync\u001b[39m () \u001b[33m=>\u001b[39m {\u001b[22m\n\u001b[2m     \u001b[90m     |\u001b[39m   \u001b[31m\u001b[1m^\u001b[22m\u001b[2m\u001b[39m\u001b[22m\n\u001b[2m     \u001b[90m 198 |\u001b[39m     jest\u001b[33m.\u001b[39msetTimeout(\u001b[35m15000\u001b[39m)\u001b[33m;\u001b[39m\u001b[22m\n\u001b[2m     \u001b[90m 199 |\u001b[39m     \u001b[36mconst\u001b[39m unique \u001b[33m=\u001b[39m \u001b[33mDate\u001b[39m\u001b[33m.\u001b[39mnow()\u001b[33m;\u001b[39m\u001b[22m\n\u001b[2m     \u001b[90m 200 |\u001b[39m     \u001b[90m// Listen for activity_log_update event\u001b[39m\u001b[0m\u001b[22m\n\u001b[2m\u001b[22m\n\u001b[2m      \u001b[2mat \u001b[22m\u001b[2m\u001b[0m\u001b[36mbarter-backend/tests/websocket-events.test.ts\u001b[39m\u001b[0m\u001b[2m:197:3\u001b[22m\u001b[2m\u001b[22m\n\u001b[2m      \u001b[2mat Object.<anonymous> (\u001b[22m\u001b[2m\u001b[0m\u001b[36mbarter-backend/tests/websocket-events.test.ts\u001b[39m\u001b[0m\u001b[2m:8:1)\u001b[22m\u001b[2m\u001b[22m\n","name":"D:\\communitu-barter-system\\barter-community-nexus\\barter-backend\\tests\\websocket-events.test.ts","startTime":1745166522281,"status":"failed","summary":""},{"assertionResults":[{"ancestorTitles":["API Edge Cases & Permissions"],"duration":21,"failureDetails":[],"failureMessages":[],"fullName":"API Edge Cases & Permissions should reject creating a user with missing fields","invocations":1,"location":null,"numPassingAsserts":2,"retryReasons":[],"status":"passed","title":"should reject creating a user with missing fields"},{"ancestorTitles":["API Edge Cases & Permissions"],"duration":12,"failureDetails":[],"failureMessages":[],"fullName":"API Edge Cases & Permissions should reject creating an item with invalid userId","invocations":1,"location":null,"numPassingAsserts":2,"retryReasons":[],"status":"passed","title":"should reject creating an item with invalid userId"},{"ancestorTitles":["API Edge Cases & Permissions"],"duration":9,"failureDetails":[],"failureMessages":[],"fullName":"API Edge Cases & Permissions should reject creating an offer with missing fields","invocations":1,"location":null,"numPassingAsserts":2,"retryReasons":[],"status":"passed","title":"should reject creating an offer with missing fields"},{"ancestorTitles":["API Edge Cases & Permissions"],"duration":16,"failureDetails":[],"failureMessages":[],"fullName":"API Edge Cases & Permissions should reject creating a rating with invalid tradeId","invocations":1,"location":null,"numPassingAsserts":2,"retryReasons":[],"status":"passed","title":"should reject creating a rating with invalid tradeId"},{"ancestorTitles":["API Edge Cases & Permissions"],"duration":9,"failureDetails":[],"failureMessages":[],"fullName":"API Edge Cases & Permissions should return 404 for deleting nonexistent user","invocations":1,"location":null,"numPassingAsserts":2,"retryReasons":[],"status":"passed","title":"should return 404 for deleting nonexistent user"},{"ancestorTitles":["API Edge Cases & Permissions"],"duration":12,"failureDetails":[],"failureMessages":[],"fullName":"API Edge Cases & Permissions should return 404 for deleting nonexistent item","invocations":1,"location":null,"numPassingAsserts":2,"retryReasons":[],"status":"passed","title":"should return 404 for deleting nonexistent item"},{"ancestorTitles":["API Edge Cases & Permissions"],"duration":14,"failureDetails":[],"failureMessages":[],"fullName":"API Edge Cases & Permissions should return 404 for deleting nonexistent trade","invocations":1,"location":null,"numPassingAsserts":2,"retryReasons":[],"status":"passed","title":"should return 404 for deleting nonexistent trade"},{"ancestorTitles":["API Edge Cases & Permissions"],"duration":10,"failureDetails":[],"failureMessages":[],"fullName":"API Edge Cases & Permissions should return 404 for deleting nonexistent rating","invocations":1,"location":null,"numPassingAsserts":2,"retryReasons":[],"status":"passed","title":"should return 404 for deleting nonexistent rating"},{"ancestorTitles":["API Edge Cases & Permissions"],"duration":8,"failureDetails":[],"failureMessages":[],"fullName":"API Edge Cases & Permissions should reject login with wrong credentials","invocations":1,"location":null,"numPassingAsserts":2,"retryReasons":[],"status":"passed","title":"should reject login with wrong credentials"},{"ancestorTitles":["API Edge Cases & Permissions"],"duration":10,"failureDetails":[],"failureMessages":[],"fullName":"API Edge Cases & Permissions should reject admin login with short password","invocations":1,"location":null,"numPassingAsserts":2,"retryReasons":[],"status":"passed","title":"should reject admin login with short password"},{"ancestorTitles":["API Edge Cases & Permissions"],"duration":8,"failureDetails":[],"failureMessages":[],"fullName":"API Edge Cases & Permissions should reject admin login with missing fields","invocations":1,"location":null,"numPassingAsserts":2,"retryReasons":[],"status":"passed","title":"should reject admin login with missing fields"},{"ancestorTitles":["API Edge Cases & Permissions"],"duration":28,"failureDetails":[],"failureMessages":[],"fullName":"API Edge Cases & Permissions should not allow a user to delete another user's item","invocations":1,"location":null,"numPassingAsserts":2,"retryReasons":[],"status":"passed","title":"should not allow a user to delete another user's item"}],"endTime":1745166538564,"message":"","name":"D:\\communitu-barter-system\\barter-community-nexus\\barter-backend\\tests\\api.edge.test.ts","startTime":1745166538226,"status":"passed","summary":""},{"assertionResults":[{"ancestorTitles":["Community Barter System API"],"duration":12,"failureDetails":[],"failureMessages":[],"fullName":"Community Barter System API should get all users","invocations":1,"location":null,"numPassingAsserts":2,"retryReasons":[],"status":"passed","title":"should get all users"},{"ancestorTitles":["Community Barter System API"],"duration":8,"failureDetails":[],"failureMessages":[],"fullName":"Community Barter System API should create a new user","invocations":1,"location":null,"numPassingAsserts":2,"retryReasons":[],"status":"passed","title":"should create a new user"},{"ancestorTitles":["Community Barter System API"],"duration":10,"failureDetails":[],"failureMessages":[],"fullName":"Community Barter System API should get all items","invocations":1,"location":null,"numPassingAsserts":2,"retryReasons":[],"status":"passed","title":"should get all items"},{"ancestorTitles":["Community Barter System API"],"duration":9,"failureDetails":[],"failureMessages":[],"fullName":"Community Barter System API should create a new item","invocations":1,"location":null,"numPassingAsserts":2,"retryReasons":[],"status":"passed","title":"should create a new item"},{"ancestorTitles":["Community Barter System API"],"duration":7,"failureDetails":[],"failureMessages":[],"fullName":"Community Barter System API should create a new item for offers/trades","invocations":1,"location":null,"numPassingAsserts":2,"retryReasons":[],"status":"passed","title":"should create a new item for offers/trades"},{"ancestorTitles":["Community Barter System API"],"duration":9,"failureDetails":[],"failureMessages":[],"fullName":"Community Barter System API should create a new offer","invocations":1,"location":null,"numPassingAsserts":2,"retryReasons":[],"status":"passed","title":"should create a new offer"},{"ancestorTitles":["Community Barter System API"],"duration":15,"failureDetails":[],"failureMessages":[],"fullName":"Community Barter System API should get all offers","invocations":1,"location":null,"numPassingAsserts":2,"retryReasons":[],"status":"passed","title":"should get all offers"},{"ancestorTitles":["Community Barter System API"],"duration":8,"failureDetails":[],"failureMessages":[],"fullName":"Community Barter System API should create a new trade (accept offer)","invocations":1,"location":null,"numPassingAsserts":2,"retryReasons":[],"status":"passed","title":"should create a new trade (accept offer)"},{"ancestorTitles":["Community Barter System API"],"duration":11,"failureDetails":[],"failureMessages":[],"fullName":"Community Barter System API should get all trades","invocations":1,"location":null,"numPassingAsserts":2,"retryReasons":[],"status":"passed","title":"should get all trades"},{"ancestorTitles":["Community Barter System API"],"duration":10,"failureDetails":[],"failureMessages":[],"fullName":"Community Barter System API should update a trade","invocations":1,"location":null,"numPassingAsserts":2,"retryReasons":[],"status":"passed","title":"should update a trade"},{"ancestorTitles":["Community Barter System API"],"duration":8,"failureDetails":[],"failureMessages":[],"fullName":"Community Barter System API should create a new rating for a trade","invocations":1,"location":null,"numPassingAsserts":2,"retryReasons":[],"status":"passed","title":"should create a new rating for a trade"},{"ancestorTitles":["Community Barter System API"],"duration":7,"failureDetails":[],"failureMessages":[],"fullName":"Community Barter System API should get all ratings","invocations":1,"location":null,"numPassingAsserts":2,"retryReasons":[],"status":"passed","title":"should get all ratings"},{"ancestorTitles":["Community Barter System API"],"duration":13,"failureDetails":[],"failureMessages":[],"fullName":"Community Barter System API should delete a trade","invocations":1,"location":null,"numPassingAsserts":2,"retryReasons":[],"status":"passed","title":"should delete a trade"}],"endTime":1745166538893,"message":"","name":"D:\\communitu-barter-system\\barter-community-nexus\\barter-backend\\tests\\api.test.ts","startTime":1745166538576,"status":"passed","summary":""},{"assertionResults":[{"ancestorTitles":["Bulk Items & Offers API"],"duration":31,"failureDetails":[],"failureMessages":[],"fullName":"Bulk Items & Offers API should bulk update items","invocations":1,"location":null,"numPassingAsserts":9,"retryReasons":[],"status":"passed","title":"should bulk update items"},{"ancestorTitles":["Bulk Items & Offers API"],"duration":22,"failureDetails":[],"failureMessages":[],"fullName":"Bulk Items & Offers API should bulk delete items","invocations":1,"location":null,"numPassingAsserts":4,"retryReasons":[],"status":"passed","title":"should bulk delete items"},{"ancestorTitles":["Bulk Items & Offers API"],"duration":35,"failureDetails":[],"failureMessages":[],"fullName":"Bulk Items & Offers API should bulk update offers","invocations":1,"location":null,"numPassingAsserts":6,"retryReasons":[],"status":"passed","title":"should bulk update offers"},{"ancestorTitles":["Bulk Items & Offers API"],"duration":22,"failureDetails":[],"failureMessages":[],"fullName":"Bulk Items & Offers API should bulk delete offers","invocations":1,"location":null,"numPassingAsserts":4,"retryReasons":[],"status":"passed","title":"should bulk delete offers"}],"endTime":1745166539150,"message":"","name":"D:\\communitu-barter-system\\barter-community-nexus\\barter-backend\\tests\\bulk-api.test.ts","startTime":1745166538903,"status":"passed","summary":""},{"assertionResults":[{"ancestorTitles":["Advanced Search & Filter API"],"duration":13,"failureDetails":[],"failureMessages":[],"fullName":"Advanced Search & Filter API should search items by name","invocations":1,"location":null,"numPassingAsserts":2,"retryReasons":[],"status":"passed","title":"should search items by name"},{"ancestorTitles":["Advanced Search & Filter API"],"duration":7,"failureDetails":[],"failureMessages":[],"fullName":"Advanced Search & Filter API should filter items by category","invocations":1,"location":null,"numPassingAsserts":2,"retryReasons":[],"status":"passed","title":"should filter items by category"},{"ancestorTitles":["Advanced Search & Filter API"],"duration":8,"failureDetails":[],"failureMessages":[],"fullName":"Advanced Search & Filter API should perform generic text search (q)","invocations":1,"location":null,"numPassingAsserts":2,"retryReasons":[],"status":"passed","title":"should perform generic text search (q)"},{"ancestorTitles":["Advanced Search & Filter API"],"duration":9,"failureDetails":[],"failureMessages":[],"fullName":"Advanced Search & Filter API should search users by username","invocations":1,"location":null,"numPassingAsserts":2,"retryReasons":[],"status":"passed","title":"should search users by username"},{"ancestorTitles":["Advanced Search & Filter API"],"duration":8,"failureDetails":[],"failureMessages":[],"fullName":"Advanced Search & Filter API should perform generic user search (q)","invocations":1,"location":null,"numPassingAsserts":2,"retryReasons":[],"status":"passed","title":"should perform generic user search (q)"}],"endTime":1745166539397,"message":"","name":"D:\\communitu-barter-system\\barter-community-nexus\\barter-backend\\tests\\api.search.test.ts","startTime":1745166539167,"status":"passed","summary":""},{"assertionResults":[{"ancestorTitles":["API Rare Edge Cases"],"duration":13,"failureDetails":[],"failureMessages":[],"fullName":"API Rare Edge Cases should return 400 for malformed JSON payload","invocations":1,"location":null,"numPassingAsserts":1,"retryReasons":[],"status":"passed","title":"should return 400 for malformed JSON payload"},{"ancestorTitles":["API Rare Edge Cases"],"duration":6,"failureDetails":[],"failureMessages":[],"fullName":"API Rare Edge Cases should return 405 for unsupported HTTP method","invocations":1,"location":null,"numPassingAsserts":1,"retryReasons":[],"status":"passed","title":"should return 405 for unsupported HTTP method"},{"ancestorTitles":["API Rare Edge Cases"],"duration":48,"failureDetails":[],"failureMessages":[],"fullName":"API Rare Edge Cases should return 413 for very large payload","invocations":1,"location":null,"numPassingAsserts":1,"retryReasons":[],"status":"passed","title":"should return 413 for very large payload"}],"endTime":1745166539543,"message":"","name":"D:\\communitu-barter-system\\barter-community-nexus\\barter-backend\\tests\\api.rare-edge.test.ts","startTime":1745166539403,"status":"passed","summary":""},{"assertionResults":[{"ancestorTitles":[],"duration":1,"failureDetails":[],"failureMessages":[],"fullName":"sanity check","invocations":1,"location":null,"numPassingAsserts":1,"retryReasons":[],"status":"passed","title":"sanity check"}],"endTime":1745166539589,"message":"","name":"D:\\communitu-barter-system\\barter-community-nexus\\barter-backend\\tests\\sanity.test.ts","startTime":1745166539559,"status":"passed","summary":""}],"wasInterrupted":false}
