<?xml version="1.0" encoding="UTF-8"?>
<coverage generated="1745264671998" clover="3.2.0">
  <project timestamp="1745264671998" name="All files">
    <metrics statements="378" coveredstatements="246" conditionals="112" coveredconditionals="48" methods="51" coveredmethods="39" elements="541" coveredelements="333" complexity="0" loc="378" ncloc="378" packages="2" files="3" classes="3"/>
    <package name="src">
      <metrics statements="375" coveredstatements="243" conditionals="112" coveredconditionals="48" methods="49" coveredmethods="37"/>
      <file name="app.ts" path="D:\communitu-barter-system\barter-community-nexus\barter-backend\src\app.ts">
        <metrics statements="357" coveredstatements="225" conditionals="112" coveredconditionals="48" methods="44" coveredmethods="32"/>
        <line num="1" count="7" type="stmt"/>
        <line num="2" count="7" type="stmt"/>
        <line num="3" count="7" type="stmt"/>
        <line num="5" count="7" type="stmt"/>
        <line num="6" count="7" type="stmt"/>
        <line num="7" count="7" type="stmt"/>
        <line num="8" count="7" type="stmt"/>
        <line num="12" count="7" type="stmt"/>
        <line num="13" count="7" type="stmt"/>
        <line num="14" count="7" type="stmt"/>
        <line num="20" count="7" type="stmt"/>
        <line num="23" count="7" type="stmt"/>
        <line num="26" count="63" type="cond" truecount="1" falsecount="1"/>
        <line num="31" count="63" type="stmt"/>
        <line num="33" count="0" type="stmt"/>
        <line num="41" count="7" type="stmt"/>
        <line num="42" count="7" type="stmt"/>
        <line num="45" count="7" type="stmt"/>
        <line num="46" count="61" type="stmt"/>
        <line num="47" count="61" type="stmt"/>
        <line num="48" count="61" type="stmt"/>
        <line num="49" count="61" type="stmt"/>
        <line num="52" count="61" type="stmt"/>
        <line num="58" count="0" type="cond" truecount="0" falsecount="3"/>
        <line num="59" count="0" type="stmt"/>
        <line num="61" count="0" type="stmt"/>
        <line num="65" count="7" type="stmt"/>
        <line num="66" count="2" type="stmt"/>
        <line num="67" count="2" type="stmt"/>
        <line num="70" count="2" type="cond" truecount="3" falsecount="0"/>
        <line num="71" count="1" type="stmt"/>
        <line num="73" count="1" type="cond" truecount="0" falsecount="1"/>
        <line num="74" count="0" type="stmt"/>
        <line num="76" count="1" type="cond" truecount="3" falsecount="0"/>
        <line num="77" count="1" type="stmt"/>
        <line num="80" count="0" type="stmt"/>
        <line num="82" count="0" type="stmt"/>
        <line num="83" count="0" type="stmt"/>
        <line num="84" count="0" type="stmt"/>
        <line num="85" count="0" type="stmt"/>
        <line num="86" count="0" type="stmt"/>
        <line num="88" count="0" type="cond" truecount="0" falsecount="5"/>
        <line num="94" count="0" type="stmt"/>
        <line num="95" count="0" type="cond" truecount="0" falsecount="1"/>
        <line num="96" count="0" type="stmt"/>
        <line num="99" count="0" type="stmt"/>
        <line num="100" count="0" type="stmt"/>
        <line num="101" count="0" type="cond" truecount="0" falsecount="1"/>
        <line num="102" count="0" type="stmt"/>
        <line num="105" count="0" type="stmt"/>
        <line num="112" count="0" type="stmt"/>
        <line num="113" count="0" type="stmt"/>
        <line num="120" count="0" type="stmt"/>
        <line num="121" count="0" type="stmt"/>
        <line num="126" count="7" type="stmt"/>
        <line num="129" count="7" type="stmt"/>
        <line num="131" count="7" type="stmt"/>
        <line num="132" count="7" type="stmt"/>
        <line num="133" count="7" type="stmt"/>
        <line num="137" count="7" type="stmt"/>
        <line num="138" count="0" type="stmt"/>
        <line num="139" count="0" type="stmt"/>
        <line num="143" count="0" type="stmt"/>
        <line num="144" count="0" type="stmt"/>
        <line num="146" count="0" type="stmt"/>
        <line num="151" count="7" type="stmt"/>
        <line num="152" count="0" type="stmt"/>
        <line num="153" count="0" type="stmt"/>
        <line num="154" count="0" type="stmt"/>
        <line num="156" count="0" type="stmt"/>
        <line num="157" count="0" type="stmt"/>
        <line num="159" count="0" type="stmt"/>
        <line num="160" count="0" type="cond" truecount="0" falsecount="2"/>
        <line num="161" count="0" type="stmt"/>
        <line num="162" count="0" type="stmt"/>
        <line num="164" count="0" type="stmt"/>
        <line num="166" count="0" type="stmt"/>
        <line num="168" count="0" type="stmt"/>
        <line num="169" count="0" type="stmt"/>
        <line num="173" count="7" type="stmt"/>
        <line num="174" count="0" type="stmt"/>
        <line num="175" count="0" type="stmt"/>
        <line num="176" count="0" type="stmt"/>
        <line num="178" count="0" type="stmt"/>
        <line num="183" count="7" type="stmt"/>
        <line num="190" count="8" type="stmt"/>
        <line num="194" count="8" type="stmt"/>
        <line num="195" count="8" type="cond" truecount="1" falsecount="2"/>
        <line num="196" count="0" type="stmt"/>
        <line num="197" count="0" type="cond" truecount="0" falsecount="1"/>
        <line num="199" count="8" type="stmt"/>
        <line num="200" count="8" type="cond" truecount="1" falsecount="1"/>
        <line num="201" count="8" type="stmt"/>
        <line num="202" count="8" type="stmt"/>
        <line num="204" count="0" type="stmt"/>
        <line num="206" count="8" type="stmt"/>
        <line num="210" count="7" type="stmt"/>
        <line num="211" count="59" type="stmt"/>
        <line num="212" count="59" type="stmt"/>
        <line num="213" count="59" type="stmt"/>
        <line num="214" count="59" type="stmt"/>
        <line num="216" count="59" type="stmt"/>
        <line num="221" count="7" type="stmt"/>
        <line num="223" count="0" type="stmt"/>
        <line num="224" count="0" type="stmt"/>
        <line num="228" count="7" type="stmt"/>
        <line num="229" count="0" type="stmt"/>
        <line num="230" count="0" type="stmt"/>
        <line num="234" count="7" type="stmt"/>
        <line num="235" count="0" type="stmt"/>
        <line num="236" count="0" type="stmt"/>
        <line num="241" count="0" type="stmt"/>
        <line num="245" count="0" type="stmt"/>
        <line num="249" count="7" type="stmt"/>
        <line num="250" count="1" type="stmt"/>
        <line num="251" count="1" type="stmt"/>
        <line num="254" count="7" type="stmt"/>
        <line num="255" count="10" type="stmt"/>
        <line num="256" count="10" type="stmt"/>
        <line num="257" count="10" type="stmt"/>
        <line num="261" count="8" type="stmt"/>
        <line num="267" count="8" type="stmt"/>
        <line num="269" count="2" type="stmt"/>
        <line num="273" count="7" type="stmt"/>
        <line num="274" count="1" type="stmt"/>
        <line num="275" count="1" type="stmt"/>
        <line num="276" count="1" type="stmt"/>
        <line num="277" count="0" type="stmt"/>
        <line num="279" count="1" type="stmt"/>
        <line num="286" count="7" type="stmt"/>
        <line num="287" count="1" type="stmt"/>
        <line num="288" count="1" type="cond" truecount="2" falsecount="1"/>
        <line num="289" count="0" type="stmt"/>
        <line num="291" count="1" type="stmt"/>
        <line num="292" count="1" type="stmt"/>
        <line num="293" count="1" type="stmt"/>
        <line num="294" count="2" type="stmt"/>
        <line num="295" count="2" type="cond" truecount="0" falsecount="1"/>
        <line num="296" count="2" type="stmt"/>
        <line num="300" count="2" type="cond" truecount="1" falsecount="0"/>
        <line num="302" count="1" type="stmt"/>
        <line num="304" count="0" type="stmt"/>
        <line num="307" count="7" type="stmt"/>
        <line num="308" count="1" type="stmt"/>
        <line num="309" count="1" type="cond" truecount="2" falsecount="1"/>
        <line num="310" count="0" type="stmt"/>
        <line num="312" count="1" type="stmt"/>
        <line num="313" count="1" type="stmt"/>
        <line num="316" count="1" type="stmt"/>
        <line num="318" count="0" type="stmt"/>
        <line num="321" count="7" type="stmt"/>
        <line num="322" count="2" type="stmt"/>
        <line num="325" count="2" type="stmt"/>
        <line num="331" count="7" type="stmt"/>
        <line num="332" count="0" type="stmt"/>
        <line num="333" count="0" type="stmt"/>
        <line num="334" count="0" type="stmt"/>
        <line num="335" count="0" type="stmt"/>
        <line num="340" count="0" type="cond" truecount="0" falsecount="1"/>
        <line num="341" count="0" type="stmt"/>
        <line num="342" count="0" type="cond" truecount="0" falsecount="1"/>
        <line num="343" count="0" type="stmt"/>
        <line num="346" count="0" type="stmt"/>
        <line num="348" count="0" type="stmt"/>
        <line num="352" count="7" type="stmt"/>
        <line num="353" count="3" type="stmt"/>
        <line num="354" count="3" type="stmt"/>
        <line num="356" count="3" type="cond" truecount="1" falsecount="0"/>
        <line num="357" count="3" type="cond" truecount="1" falsecount="0"/>
        <line num="358" count="3" type="cond" truecount="0" falsecount="1"/>
        <line num="359" count="3" type="cond" truecount="0" falsecount="1"/>
        <line num="360" count="3" type="cond" truecount="1" falsecount="0"/>
        <line num="361" count="1" type="stmt"/>
        <line num="368" count="3" type="stmt"/>
        <line num="369" count="3" type="stmt"/>
        <line num="370" count="3" type="stmt"/>
        <line num="372" count="0" type="stmt"/>
        <line num="377" count="7" type="stmt"/>
        <line num="378" count="2" type="stmt"/>
        <line num="379" count="2" type="stmt"/>
        <line num="381" count="2" type="cond" truecount="1" falsecount="0"/>
        <line num="382" count="2" type="cond" truecount="0" falsecount="1"/>
        <line num="383" count="2" type="cond" truecount="1" falsecount="0"/>
        <line num="384" count="1" type="stmt"/>
        <line num="390" count="2" type="stmt"/>
        <line num="391" count="2" type="stmt"/>
        <line num="392" count="2" type="stmt"/>
        <line num="394" count="0" type="stmt"/>
        <line num="398" count="7" type="stmt"/>
        <line num="399" count="14" type="stmt"/>
        <line num="400" count="14" type="stmt"/>
        <line num="401" count="14" type="cond" truecount="6" falsecount="0"/>
        <line num="402" count="2" type="stmt"/>
        <line num="403" count="2" type="stmt"/>
        <line num="405" count="12" type="stmt"/>
        <line num="406" count="12" type="stmt"/>
        <line num="409" count="11" type="stmt"/>
        <line num="411" count="11" type="cond" truecount="1" falsecount="1"/>
        <line num="412" count="11" type="stmt"/>
        <line num="413" count="11" type="stmt"/>
        <line num="414" count="11" type="stmt"/>
        <line num="416" count="0" type="stmt"/>
        <line num="417" count="0" type="stmt"/>
        <line num="419" count="11" type="stmt"/>
        <line num="421" count="1" type="stmt"/>
        <line num="425" count="7" type="stmt"/>
        <line num="426" count="2" type="stmt"/>
        <line num="428" count="2" type="cond" truecount="1" falsecount="1"/>
        <line num="430" count="2" type="cond" truecount="2" falsecount="0"/>
        <line num="431" count="2" type="cond" truecount="1" falsecount="2"/>
        <line num="432" count="0" type="stmt"/>
        <line num="434" count="2" type="stmt"/>
        <line num="435" count="2" type="stmt"/>
        <line num="436" count="2" type="cond" truecount="1" falsecount="0"/>
        <line num="437" count="1" type="stmt"/>
        <line num="439" count="1" type="cond" truecount="3" falsecount="0"/>
        <line num="440" count="1" type="stmt"/>
        <line num="442" count="0" type="stmt"/>
        <line num="444" count="0" type="cond" truecount="0" falsecount="1"/>
        <line num="445" count="0" type="stmt"/>
        <line num="446" count="0" type="cond" truecount="0" falsecount="1"/>
        <line num="447" count="0" type="stmt"/>
        <line num="450" count="0" type="stmt"/>
        <line num="452" count="0" type="stmt"/>
        <line num="457" count="7" type="stmt"/>
        <line num="458" count="1" type="stmt"/>
        <line num="459" count="1" type="stmt"/>
        <line num="461" count="1" type="stmt"/>
        <line num="462" count="1" type="stmt"/>
        <line num="463" count="1" type="stmt"/>
        <line num="465" count="1" type="stmt"/>
        <line num="478" count="1" type="stmt"/>
        <line num="479" count="1" type="cond" truecount="1" falsecount="0"/>
        <line num="480" count="1" type="stmt"/>
        <line num="481" count="1" type="stmt"/>
        <line num="483" count="0" type="stmt"/>
        <line num="485" count="0" type="stmt"/>
        <line num="486" count="0" type="stmt"/>
        <line num="493" count="7" type="stmt"/>
        <line num="494" count="1" type="stmt"/>
        <line num="495" count="1" type="cond" truecount="2" falsecount="1"/>
        <line num="496" count="0" type="stmt"/>
        <line num="498" count="1" type="stmt"/>
        <line num="499" count="1" type="stmt"/>
        <line num="500" count="1" type="stmt"/>
        <line num="501" count="2" type="stmt"/>
        <line num="502" count="2" type="cond" truecount="0" falsecount="1"/>
        <line num="503" count="2" type="stmt"/>
        <line num="507" count="2" type="cond" truecount="1" falsecount="0"/>
        <line num="509" count="1" type="stmt"/>
        <line num="511" count="0" type="stmt"/>
        <line num="514" count="7" type="stmt"/>
        <line num="515" count="1" type="stmt"/>
        <line num="516" count="1" type="cond" truecount="2" falsecount="1"/>
        <line num="517" count="0" type="stmt"/>
        <line num="519" count="1" type="stmt"/>
        <line num="520" count="1" type="stmt"/>
        <line num="523" count="1" type="stmt"/>
        <line num="525" count="0" type="stmt"/>
        <line num="528" count="7" type="stmt"/>
        <line num="529" count="2" type="stmt"/>
        <line num="530" count="2" type="stmt"/>
        <line num="539" count="2" type="stmt"/>
        <line num="541" count="0" type="stmt"/>
        <line num="545" count="7" type="stmt"/>
        <line num="546" count="6" type="stmt"/>
        <line num="547" count="6" type="stmt"/>
        <line num="548" count="6" type="stmt"/>
        <line num="551" count="5" type="stmt"/>
        <line num="553" count="1" type="stmt"/>
        <line num="558" count="7" type="stmt"/>
        <line num="559" count="1" type="stmt"/>
        <line num="560" count="1" type="stmt"/>
        <line num="563" count="1" type="stmt"/>
        <line num="565" count="0" type="stmt"/>
        <line num="569" count="7" type="stmt"/>
        <line num="570" count="1" type="stmt"/>
        <line num="571" count="1" type="stmt"/>
        <line num="572" count="1" type="stmt"/>
        <line num="573" count="1" type="stmt"/>
        <line num="575" count="0" type="stmt"/>
        <line num="579" count="7" type="stmt"/>
        <line num="580" count="1" type="stmt"/>
        <line num="581" count="1" type="stmt"/>
        <line num="582" count="1" type="stmt"/>
        <line num="583" count="1" type="stmt"/>
        <line num="587" count="1" type="stmt"/>
        <line num="589" count="0" type="stmt"/>
        <line num="593" count="7" type="stmt"/>
        <line num="594" count="2" type="stmt"/>
        <line num="595" count="2" type="stmt"/>
        <line num="596" count="2" type="stmt"/>
        <line num="599" count="1" type="stmt"/>
        <line num="601" count="1" type="stmt"/>
        <line num="606" count="7" type="stmt"/>
        <line num="607" count="1" type="stmt"/>
        <line num="608" count="1" type="stmt"/>
        <line num="611" count="1" type="stmt"/>
        <line num="613" count="0" type="stmt"/>
        <line num="617" count="7" type="stmt"/>
        <line num="618" count="2" type="stmt"/>
        <line num="619" count="2" type="stmt"/>
        <line num="620" count="2" type="stmt"/>
        <line num="623" count="1" type="stmt"/>
        <line num="625" count="1" type="stmt"/>
        <line num="630" count="7" type="stmt"/>
        <line num="631" count="2" type="stmt"/>
        <line num="632" count="2" type="stmt"/>
        <line num="633" count="2" type="stmt"/>
        <line num="636" count="1" type="stmt"/>
        <line num="638" count="1" type="stmt"/>
        <line num="646" count="7" type="stmt"/>
        <line num="647" count="0" type="stmt"/>
        <line num="653" count="0" type="stmt"/>
        <line num="656" count="0" type="stmt"/>
        <line num="662" count="0" type="cond" truecount="0" falsecount="3"/>
        <line num="663" count="0" type="stmt"/>
        <line num="670" count="0" type="cond" truecount="0" falsecount="3"/>
        <line num="671" count="0" type="stmt"/>
        <line num="680" count="0" type="cond" truecount="0" falsecount="1"/>
        <line num="686" count="0" type="stmt"/>
        <line num="691" count="0" type="stmt"/>
        <line num="693" count="0" type="stmt"/>
        <line num="694" count="0" type="cond" truecount="0" falsecount="1"/>
        <line num="695" count="0" type="stmt"/>
        <line num="701" count="0" type="cond" truecount="0" falsecount="1"/>
        <line num="702" count="0" type="stmt"/>
        <line num="705" count="0" type="cond" truecount="0" falsecount="4"/>
        <line num="707" count="0" type="stmt"/>
        <line num="713" count="0" type="cond" truecount="0" falsecount="1"/>
        <line num="714" count="0" type="stmt"/>
        <line num="717" count="0" type="cond" truecount="0" falsecount="1"/>
        <line num="718" count="0" type="stmt"/>
        <line num="719" count="0" type="stmt"/>
        <line num="724" count="0" type="stmt"/>
        <line num="727" count="0" type="cond" truecount="0" falsecount="2"/>
        <line num="728" count="0" type="cond" truecount="0" falsecount="1"/>
        <line num="729" count="0" type="stmt"/>
        <line num="730" count="0" type="stmt"/>
        <line num="736" count="0" type="stmt"/>
        <line num="743" count="0" type="stmt"/>
        <line num="744" count="0" type="stmt"/>
        <line num="745" count="0" type="stmt"/>
        <line num="751" count="0" type="cond" truecount="0" falsecount="2"/>
        <line num="752" count="0" type="stmt"/>
        <line num="753" count="0" type="stmt"/>
        <line num="760" count="7" type="stmt"/>
        <line num="761" count="0" type="stmt"/>
        <line num="765" count="7" type="stmt"/>
        <line num="766" count="1" type="stmt"/>
        <line num="767" count="1" type="stmt"/>
        <line num="771" count="7" type="stmt"/>
        <line num="772" count="2" type="stmt"/>
        <line num="773" count="2" type="cond" truecount="5" falsecount="1"/>
        <line num="774" count="2" type="cond" truecount="2" falsecount="2"/>
        <line num="776" count="0" type="stmt"/>
        <line num="780" count="7" type="stmt"/>
      </file>
      <file name="websocket.ts" path="D:\communitu-barter-system\barter-community-nexus\barter-backend\src\websocket.ts">
        <metrics statements="18" coveredstatements="18" conditionals="0" coveredconditionals="0" methods="5" coveredmethods="5"/>
        <line num="1" count="2" type="stmt"/>
        <line num="9" count="2" type="stmt"/>
        <line num="10" count="2" type="stmt"/>
        <line num="16" count="2" type="stmt"/>
        <line num="17" count="3" type="stmt"/>
        <line num="18" count="3" type="stmt"/>
        <line num="19" count="3" type="stmt"/>
        <line num="20" count="3" type="stmt"/>
        <line num="21" count="3" type="stmt"/>
        <line num="28" count="2" type="stmt"/>
        <line num="29" count="2" type="stmt"/>
        <line num="30" count="2" type="stmt"/>
        <line num="31" count="2" type="stmt"/>
        <line num="36" count="2" type="stmt"/>
        <line num="37" count="2" type="stmt"/>
        <line num="38" count="2" type="stmt"/>
        <line num="39" count="2" type="stmt"/>
        <line num="42" count="2" type="stmt"/>
      </file>
    </package>
    <package name="tests">
      <metrics statements="3" coveredstatements="3" conditionals="0" coveredconditionals="0" methods="2" coveredmethods="2"/>
      <file name="setupBroadcastMock.ts" path="D:\communitu-barter-system\barter-community-nexus\barter-backend\tests\setupBroadcastMock.ts">
        <metrics statements="3" coveredstatements="3" conditionals="0" coveredconditionals="0" methods="2" coveredmethods="2"/>
        <line num="1" count="5" type="stmt"/>
        <line num="5" count="5" type="stmt"/>
        <line num="6" count="5" type="stmt"/>
      </file>
    </package>
  </project>
</coverage>
