{"D:\\communitu-barter-system\\barter-community-nexus\\barter-backend\\src\\app.ts": {"path":"D:\\communitu-barter-system\\barter-community-nexus\\barter-backend\\src\\app.ts","statementMap":{"0":{"start":{"line":13,"column":0},"end":{"line":13,"column":16}},"1":{"start":{"line":132,"column":0},"end":{"line":132,"column":16}},"2":{"start":{"line":183,"column":0},"end":{"line":183,"column":7}},"3":{"start":{"line":1,"column":0},"end":{"line":1,"column":66}},"4":{"start":{"line":2,"column":0},"end":{"line":2,"column":55}},"5":{"start":{"line":3,"column":0},"end":{"line":3,"column":69}},"6":{"start":{"line":5,"column":0},"end":{"line":5,"column":67}},"7":{"start":{"line":6,"column":0},"end":{"line":6,"column":24}},"8":{"start":{"line":7,"column":0},"end":{"line":7,"column":41}},"9":{"start":{"line":8,"column":0},"end":{"line":8,"column":54}},"10":{"start":{"line":12,"column":76},"end":{"line":12,"column":85}},"11":{"start":{"line":14,"column":2},"end":{"line":14,"column":23}},"12":{"start":{"line":20,"column":12},"end":{"line":20,"column":21}},"13":{"start":{"line":23,"column":0},"end":{"line":40,"column":4}},"14":{"start":{"line":26,"column":4},"end":{"line":34,"column":5}},"15":{"start":{"line":31,"column":6},"end":{"line":31,"column":27}},"16":{"start":{"line":33,"column":6},"end":{"line":33,"column":49}},"17":{"start":{"line":41,"column":0},"end":{"line":41,"column":24}},"18":{"start":{"line":42,"column":0},"end":{"line":42,"column":24}},"19":{"start":{"line":45,"column":0},"end":{"line":53,"column":3}},"20":{"start":{"line":46,"column":2},"end":{"line":46,"column":53}},"21":{"start":{"line":47,"column":2},"end":{"line":47,"column":45}},"22":{"start":{"line":48,"column":2},"end":{"line":48,"column":39}},"23":{"start":{"line":49,"column":2},"end":{"line":49,"column":38}},"24":{"start":{"line":52,"column":2},"end":{"line":52,"column":9}},"25":{"start":{"line":58,"column":2},"end":{"line":60,"column":3}},"26":{"start":{"line":59,"column":4},"end":{"line":59,"column":18}},"27":{"start":{"line":61,"column":2},"end":{"line":61,"column":81}},"28":{"start":{"line":65,"column":0},"end":{"line":123,"column":3}},"29":{"start":{"line":66,"column":98},"end":{"line":66,"column":106}},"30":{"start":{"line":67,"column":2},"end":{"line":67,"column":65}},"31":{"start":{"line":70,"column":2},"end":{"line":72,"column":3}},"32":{"start":{"line":71,"column":4},"end":{"line":71,"column":94}},"33":{"start":{"line":73,"column":2},"end":{"line":75,"column":3}},"34":{"start":{"line":74,"column":4},"end":{"line":74,"column":85}},"35":{"start":{"line":76,"column":2},"end":{"line":78,"column":3}},"36":{"start":{"line":77,"column":4},"end":{"line":77,"column":108}},"37":{"start":{"line":80,"column":2},"end":{"line":122,"column":3}},"38":{"start":{"line":82,"column":18},"end":{"line":82,"column":46}},"39":{"start":{"line":83,"column":19},"end":{"line":83,"column":48}},"40":{"start":{"line":84,"column":4},"end":{"line":84,"column":57}},"41":{"start":{"line":85,"column":4},"end":{"line":85,"column":59}},"42":{"start":{"line":86,"column":17},"end":{"line":92,"column":null}},"43":{"start":{"line":88,"column":8},"end":{"line":91,"column":null}},"44":{"start":{"line":94,"column":4},"end":{"line":94,"column":57}},"45":{"start":{"line":95,"column":4},"end":{"line":97,"column":5}},"46":{"start":{"line":96,"column":6},"end":{"line":96,"column":86}},"47":{"start":{"line":99,"column":18},"end":{"line":99,"column":56}},"48":{"start":{"line":99,"column":35},"end":{"line":99,"column":55}},"49":{"start":{"line":100,"column":4},"end":{"line":100,"column":59}},"50":{"start":{"line":101,"column":4},"end":{"line":103,"column":5}},"51":{"start":{"line":102,"column":6},"end":{"line":102,"column":84}},"52":{"start":{"line":105,"column":4},"end":{"line":111,"column":7}},"53":{"start":{"line":112,"column":4},"end":{"line":112,"column":69}},"54":{"start":{"line":113,"column":4},"end":{"line":118,"column":7}},"55":{"start":{"line":120,"column":4},"end":{"line":120,"column":72}},"56":{"start":{"line":121,"column":4},"end":{"line":121,"column":90}},"57":{"start":{"line":126,"column":15},"end":{"line":128,"column":2}},"58":{"start":{"line":129,"column":9},"end":{"line":129,"column":15}},"59":{"start":{"line":131,"column":11},"end":{"line":131,"column":94}},"60":{"start":{"line":133,"column":2},"end":{"line":133,"column":34}},"61":{"start":{"line":137,"column":0},"end":{"line":148,"column":3}},"62":{"start":{"line":138,"column":2},"end":{"line":147,"column":3}},"63":{"start":{"line":139,"column":17},"end":{"line":142,"column":6}},"64":{"start":{"line":143,"column":4},"end":{"line":143,"column":54}},"65":{"start":{"line":144,"column":4},"end":{"line":144,"column":19}},"66":{"start":{"line":146,"column":4},"end":{"line":146,"column":83}},"67":{"start":{"line":151,"column":0},"end":{"line":171,"column":3}},"68":{"start":{"line":152,"column":2},"end":{"line":170,"column":3}},"69":{"start":{"line":153,"column":52},"end":{"line":153,"column":60}},"70":{"start":{"line":154,"column":4},"end":{"line":154,"column":95}},"71":{"start":{"line":156,"column":18},"end":{"line":156,"column":98}},"72":{"start":{"line":157,"column":4},"end":{"line":157,"column":67}},"73":{"start":{"line":159,"column":17},"end":{"line":159,"column":58}},"74":{"start":{"line":160,"column":4},"end":{"line":165,"column":5}},"75":{"start":{"line":161,"column":6},"end":{"line":161,"column":88}},"76":{"start":{"line":162,"column":6},"end":{"line":162,"column":18}},"77":{"start":{"line":164,"column":6},"end":{"line":164,"column":92}},"78":{"start":{"line":166,"column":4},"end":{"line":166,"column":32}},"79":{"start":{"line":168,"column":4},"end":{"line":168,"column":59}},"80":{"start":{"line":169,"column":4},"end":{"line":169,"column":76}},"81":{"start":{"line":173,"column":0},"end":{"line":180,"column":3}},"82":{"start":{"line":174,"column":2},"end":{"line":179,"column":3}},"83":{"start":{"line":175,"column":4},"end":{"line":175,"column":44}},"84":{"start":{"line":176,"column":4},"end":{"line":176,"column":32}},"85":{"start":{"line":178,"column":4},"end":{"line":178,"column":83}},"86":{"start":{"line":190,"column":16},"end":{"line":192,"column":4}},"87":{"start":{"line":194,"column":20},"end":{"line":194,"column":46}},"88":{"start":{"line":195,"column":2},"end":{"line":198,"column":3}},"89":{"start":{"line":196,"column":17},"end":{"line":196,"column":62}},"90":{"start":{"line":197,"column":4},"end":{"line":197,"column":55}},"91":{"start":{"line":197,"column":36},"end":{"line":197,"column":55}},"92":{"start":{"line":199,"column":2},"end":{"line":199,"column":120}},"93":{"start":{"line":200,"column":2},"end":{"line":205,"column":3}},"94":{"start":{"line":201,"column":4},"end":{"line":201,"column":23}},"95":{"start":{"line":202,"column":4},"end":{"line":202,"column":73}},"96":{"start":{"line":204,"column":4},"end":{"line":204,"column":80}},"97":{"start":{"line":206,"column":2},"end":{"line":206,"column":15}},"98":{"start":{"line":210,"column":0},"end":{"line":217,"column":3}},"99":{"start":{"line":211,"column":16},"end":{"line":211,"column":26}},"100":{"start":{"line":212,"column":2},"end":{"line":215,"column":5}},"101":{"start":{"line":213,"column":21},"end":{"line":213,"column":39}},"102":{"start":{"line":214,"column":4},"end":{"line":214,"column":78}},"103":{"start":{"line":216,"column":2},"end":{"line":216,"column":9}},"104":{"start":{"line":221,"column":0},"end":{"line":225,"column":3}},"105":{"start":{"line":223,"column":4},"end":{"line":223,"column":117}},"106":{"start":{"line":224,"column":2},"end":{"line":224,"column":19}},"107":{"start":{"line":228,"column":0},"end":{"line":231,"column":3}},"108":{"start":{"line":229,"column":17},"end":{"line":229,"column":68}},"109":{"start":{"line":230,"column":2},"end":{"line":230,"column":19}},"110":{"start":{"line":234,"column":0},"end":{"line":246,"column":3}},"111":{"start":{"line":235,"column":43},"end":{"line":235,"column":51}},"112":{"start":{"line":236,"column":17},"end":{"line":239,"column":4}},"113":{"start":{"line":241,"column":2},"end":{"line":244,"column":5}},"114":{"start":{"line":245,"column":2},"end":{"line":245,"column":38}},"115":{"start":{"line":249,"column":0},"end":{"line":252,"column":3}},"116":{"start":{"line":250,"column":16},"end":{"line":250,"column":44}},"117":{"start":{"line":251,"column":2},"end":{"line":251,"column":22}},"118":{"start":{"line":254,"column":0},"end":{"line":271,"column":3}},"119":{"start":{"line":255,"column":95},"end":{"line":255,"column":103}},"120":{"start":{"line":256,"column":2},"end":{"line":270,"column":3}},"121":{"start":{"line":257,"column":17},"end":{"line":259,"column":6}},"122":{"start":{"line":261,"column":4},"end":{"line":266,"column":7}},"123":{"start":{"line":267,"column":4},"end":{"line":267,"column":31}},"124":{"start":{"line":269,"column":4},"end":{"line":269,"column":74}},"125":{"start":{"line":273,"column":0},"end":{"line":281,"column":3}},"126":{"start":{"line":274,"column":17},"end":{"line":274,"column":27}},"127":{"start":{"line":275,"column":2},"end":{"line":280,"column":3}},"128":{"start":{"line":276,"column":24},"end":{"line":276,"column":79}},"129":{"start":{"line":277,"column":4},"end":{"line":277,"column":26}},"130":{"start":{"line":279,"column":4},"end":{"line":279,"column":68}},"131":{"start":{"line":286,"column":0},"end":{"line":306,"column":3}},"132":{"start":{"line":287,"column":77},"end":{"line":287,"column":85}},"133":{"start":{"line":288,"column":2},"end":{"line":290,"column":3}},"134":{"start":{"line":289,"column":4},"end":{"line":289,"column":71}},"135":{"start":{"line":291,"column":21},"end":{"line":291,"column":22}},"136":{"start":{"line":292,"column":2},"end":{"line":305,"column":3}},"137":{"start":{"line":293,"column":4},"end":{"line":301,"column":5}},"138":{"start":{"line":294,"column":30},"end":{"line":294,"column":36}},"139":{"start":{"line":295,"column":6},"end":{"line":295,"column":24}},"140":{"start":{"line":295,"column":15},"end":{"line":295,"column":24}},"141":{"start":{"line":296,"column":21},"end":{"line":299,"column":8}},"142":{"start":{"line":300,"column":6},"end":{"line":300,"column":36}},"143":{"start":{"line":300,"column":18},"end":{"line":300,"column":36}},"144":{"start":{"line":302,"column":4},"end":{"line":302,"column":31}},"145":{"start":{"line":304,"column":4},"end":{"line":304,"column":77}},"146":{"start":{"line":307,"column":0},"end":{"line":320,"column":3}},"147":{"start":{"line":308,"column":37},"end":{"line":308,"column":45}},"148":{"start":{"line":309,"column":2},"end":{"line":311,"column":3}},"149":{"start":{"line":310,"column":4},"end":{"line":310,"column":67}},"150":{"start":{"line":312,"column":2},"end":{"line":319,"column":3}},"151":{"start":{"line":313,"column":19},"end":{"line":315,"column":6}},"152":{"start":{"line":316,"column":4},"end":{"line":316,"column":45}},"153":{"start":{"line":318,"column":4},"end":{"line":318,"column":79}},"154":{"start":{"line":321,"column":0},"end":{"line":326,"column":3}},"155":{"start":{"line":322,"column":16},"end":{"line":324,"column":4}},"156":{"start":{"line":325,"column":2},"end":{"line":325,"column":18}},"157":{"start":{"line":331,"column":0},"end":{"line":350,"column":3}},"158":{"start":{"line":332,"column":17},"end":{"line":332,"column":27}},"159":{"start":{"line":333,"column":21},"end":{"line":333,"column":29}},"160":{"start":{"line":334,"column":2},"end":{"line":349,"column":3}},"161":{"start":{"line":335,"column":17},"end":{"line":338,"column":6}},"162":{"start":{"line":340,"column":4},"end":{"line":345,"column":5}},"163":{"start":{"line":341,"column":30},"end":{"line":341,"column":60}},"164":{"start":{"line":342,"column":6},"end":{"line":344,"column":7}},"165":{"start":{"line":343,"column":8},"end":{"line":343,"column":46}},"166":{"start":{"line":346,"column":4},"end":{"line":346,"column":19}},"167":{"start":{"line":348,"column":4},"end":{"line":348,"column":85}},"168":{"start":{"line":352,"column":0},"end":{"line":374,"column":3}},"169":{"start":{"line":353,"column":51},"end":{"line":353,"column":60}},"170":{"start":{"line":354,"column":21},"end":{"line":354,"column":23}},"171":{"start":{"line":356,"column":2},"end":{"line":356,"column":73}},"172":{"start":{"line":356,"column":12},"end":{"line":356,"column":73}},"173":{"start":{"line":357,"column":2},"end":{"line":357,"column":85}},"174":{"start":{"line":357,"column":16},"end":{"line":357,"column":85}},"175":{"start":{"line":358,"column":2},"end":{"line":358,"column":65}},"176":{"start":{"line":358,"column":17},"end":{"line":358,"column":65}},"177":{"start":{"line":359,"column":2},"end":{"line":359,"column":44}},"178":{"start":{"line":359,"column":14},"end":{"line":359,"column":44}},"179":{"start":{"line":360,"column":2},"end":{"line":366,"column":3}},"180":{"start":{"line":361,"column":4},"end":{"line":365,"column":6}},"181":{"start":{"line":368,"column":2},"end":{"line":373,"column":3}},"182":{"start":{"line":369,"column":18},"end":{"line":369,"column":55}},"183":{"start":{"line":370,"column":4},"end":{"line":370,"column":20}},"184":{"start":{"line":372,"column":4},"end":{"line":372,"column":67}},"185":{"start":{"line":377,"column":0},"end":{"line":396,"column":3}},"186":{"start":{"line":378,"column":33},"end":{"line":378,"column":42}},"187":{"start":{"line":379,"column":21},"end":{"line":379,"column":23}},"188":{"start":{"line":381,"column":2},"end":{"line":381,"column":85}},"189":{"start":{"line":381,"column":16},"end":{"line":381,"column":85}},"190":{"start":{"line":382,"column":2},"end":{"line":382,"column":76}},"191":{"start":{"line":382,"column":13},"end":{"line":382,"column":76}},"192":{"start":{"line":383,"column":2},"end":{"line":388,"column":3}},"193":{"start":{"line":384,"column":4},"end":{"line":387,"column":6}},"194":{"start":{"line":390,"column":2},"end":{"line":395,"column":3}},"195":{"start":{"line":391,"column":18},"end":{"line":391,"column":55}},"196":{"start":{"line":392,"column":4},"end":{"line":392,"column":20}},"197":{"start":{"line":394,"column":4},"end":{"line":394,"column":72}},"198":{"start":{"line":398,"column":0},"end":{"line":423,"column":3}},"199":{"start":{"line":399,"column":71},"end":{"line":399,"column":79}},"200":{"start":{"line":400,"column":2},"end":{"line":400,"column":65}},"201":{"start":{"line":401,"column":2},"end":{"line":404,"column":3}},"202":{"start":{"line":402,"column":4},"end":{"line":402,"column":116}},"203":{"start":{"line":403,"column":4},"end":{"line":403,"column":150}},"204":{"start":{"line":405,"column":2},"end":{"line":422,"column":3}},"205":{"start":{"line":406,"column":17},"end":{"line":408,"column":6}},"206":{"start":{"line":409,"column":4},"end":{"line":409,"column":62}},"207":{"start":{"line":411,"column":4},"end":{"line":418,"column":5}},"208":{"start":{"line":412,"column":6},"end":{"line":412,"column":76}},"209":{"start":{"line":413,"column":6},"end":{"line":413,"column":44}},"210":{"start":{"line":414,"column":6},"end":{"line":414,"column":70}},"211":{"start":{"line":416,"column":6},"end":{"line":416,"column":102}},"212":{"start":{"line":417,"column":6},"end":{"line":417,"column":22}},"213":{"start":{"line":419,"column":4},"end":{"line":419,"column":31}},"214":{"start":{"line":421,"column":4},"end":{"line":421,"column":74}},"215":{"start":{"line":425,"column":0},"end":{"line":454,"column":3}},"216":{"start":{"line":426,"column":17},"end":{"line":426,"column":27}},"217":{"start":{"line":428,"column":17},"end":{"line":428,"column":52}},"218":{"start":{"line":430,"column":18},"end":{"line":430,"column":71}},"219":{"start":{"line":431,"column":2},"end":{"line":433,"column":3}},"220":{"start":{"line":432,"column":4},"end":{"line":432,"column":94}},"221":{"start":{"line":434,"column":2},"end":{"line":453,"column":3}},"222":{"start":{"line":435,"column":17},"end":{"line":435,"column":76}},"223":{"start":{"line":436,"column":4},"end":{"line":438,"column":5}},"224":{"start":{"line":437,"column":6},"end":{"line":437,"column":63}},"225":{"start":{"line":439,"column":4},"end":{"line":441,"column":5}},"226":{"start":{"line":440,"column":6},"end":{"line":440,"column":95}},"227":{"start":{"line":442,"column":24},"end":{"line":442,"column":79}},"228":{"start":{"line":444,"column":4},"end":{"line":449,"column":5}},"229":{"start":{"line":445,"column":30},"end":{"line":445,"column":60}},"230":{"start":{"line":446,"column":6},"end":{"line":448,"column":7}},"231":{"start":{"line":447,"column":8},"end":{"line":447,"column":53}},"232":{"start":{"line":450,"column":4},"end":{"line":450,"column":26}},"233":{"start":{"line":452,"column":4},"end":{"line":452,"column":74}},"234":{"start":{"line":457,"column":0},"end":{"line":488,"column":3}},"235":{"start":{"line":458,"column":95},"end":{"line":458,"column":103}},"236":{"start":{"line":459,"column":2},"end":{"line":459,"column":59}},"237":{"start":{"line":461,"column":19},"end":{"line":461,"column":47}},"238":{"start":{"line":462,"column":2},"end":{"line":462,"column":58}},"239":{"start":{"line":463,"column":2},"end":{"line":487,"column":3}},"240":{"start":{"line":465,"column":17},"end":{"line":477,"column":6}},"241":{"start":{"line":478,"column":4},"end":{"line":478,"column":51}},"242":{"start":{"line":479,"column":4},"end":{"line":482,"column":5}},"243":{"start":{"line":480,"column":6},"end":{"line":480,"column":84}},"244":{"start":{"line":481,"column":6},"end":{"line":481,"column":68}},"245":{"start":{"line":483,"column":4},"end":{"line":483,"column":23}},"246":{"start":{"line":485,"column":4},"end":{"line":485,"column":60}},"247":{"start":{"line":486,"column":4},"end":{"line":486,"column":66}},"248":{"start":{"line":493,"column":0},"end":{"line":513,"column":3}},"249":{"start":{"line":494,"column":73},"end":{"line":494,"column":81}},"250":{"start":{"line":495,"column":2},"end":{"line":497,"column":3}},"251":{"start":{"line":496,"column":4},"end":{"line":496,"column":72}},"252":{"start":{"line":498,"column":21},"end":{"line":498,"column":22}},"253":{"start":{"line":499,"column":2},"end":{"line":512,"column":3}},"254":{"start":{"line":500,"column":4},"end":{"line":508,"column":5}},"255":{"start":{"line":501,"column":30},"end":{"line":501,"column":36}},"256":{"start":{"line":502,"column":6},"end":{"line":502,"column":24}},"257":{"start":{"line":502,"column":15},"end":{"line":502,"column":24}},"258":{"start":{"line":503,"column":21},"end":{"line":506,"column":8}},"259":{"start":{"line":507,"column":6},"end":{"line":507,"column":36}},"260":{"start":{"line":507,"column":18},"end":{"line":507,"column":36}},"261":{"start":{"line":509,"column":4},"end":{"line":509,"column":31}},"262":{"start":{"line":511,"column":4},"end":{"line":511,"column":78}},"263":{"start":{"line":514,"column":0},"end":{"line":527,"column":3}},"264":{"start":{"line":515,"column":37},"end":{"line":515,"column":45}},"265":{"start":{"line":516,"column":2},"end":{"line":518,"column":3}},"266":{"start":{"line":517,"column":4},"end":{"line":517,"column":68}},"267":{"start":{"line":519,"column":2},"end":{"line":526,"column":3}},"268":{"start":{"line":520,"column":19},"end":{"line":522,"column":6}},"269":{"start":{"line":523,"column":4},"end":{"line":523,"column":45}},"270":{"start":{"line":525,"column":4},"end":{"line":525,"column":80}},"271":{"start":{"line":528,"column":0},"end":{"line":543,"column":3}},"272":{"start":{"line":529,"column":2},"end":{"line":542,"column":3}},"273":{"start":{"line":530,"column":19},"end":{"line":538,"column":6}},"274":{"start":{"line":539,"column":4},"end":{"line":539,"column":21}},"275":{"start":{"line":541,"column":4},"end":{"line":541,"column":76}},"276":{"start":{"line":545,"column":0},"end":{"line":555,"column":3}},"277":{"start":{"line":546,"column":181},"end":{"line":546,"column":189}},"278":{"start":{"line":547,"column":2},"end":{"line":554,"column":3}},"279":{"start":{"line":548,"column":18},"end":{"line":550,"column":6}},"280":{"start":{"line":551,"column":4},"end":{"line":551,"column":32}},"281":{"start":{"line":553,"column":4},"end":{"line":553,"column":75}},"282":{"start":{"line":558,"column":0},"end":{"line":567,"column":3}},"283":{"start":{"line":559,"column":2},"end":{"line":566,"column":3}},"284":{"start":{"line":560,"column":19},"end":{"line":562,"column":6}},"285":{"start":{"line":563,"column":4},"end":{"line":563,"column":21}},"286":{"start":{"line":565,"column":4},"end":{"line":565,"column":76}},"287":{"start":{"line":569,"column":0},"end":{"line":577,"column":3}},"288":{"start":{"line":570,"column":65},"end":{"line":570,"column":73}},"289":{"start":{"line":571,"column":2},"end":{"line":576,"column":3}},"290":{"start":{"line":572,"column":18},"end":{"line":572,"column":73}},"291":{"start":{"line":573,"column":4},"end":{"line":573,"column":32}},"292":{"start":{"line":575,"column":4},"end":{"line":575,"column":75}},"293":{"start":{"line":579,"column":0},"end":{"line":591,"column":3}},"294":{"start":{"line":580,"column":17},"end":{"line":580,"column":27}},"295":{"start":{"line":581,"column":39},"end":{"line":581,"column":47}},"296":{"start":{"line":582,"column":2},"end":{"line":590,"column":3}},"297":{"start":{"line":583,"column":25},"end":{"line":586,"column":6}},"298":{"start":{"line":587,"column":4},"end":{"line":587,"column":27}},"299":{"start":{"line":589,"column":4},"end":{"line":589,"column":69}},"300":{"start":{"line":593,"column":0},"end":{"line":603,"column":3}},"301":{"start":{"line":594,"column":17},"end":{"line":594,"column":27}},"302":{"start":{"line":595,"column":2},"end":{"line":602,"column":3}},"303":{"start":{"line":596,"column":25},"end":{"line":598,"column":6}},"304":{"start":{"line":599,"column":4},"end":{"line":599,"column":27}},"305":{"start":{"line":601,"column":4},"end":{"line":601,"column":69}},"306":{"start":{"line":606,"column":0},"end":{"line":615,"column":3}},"307":{"start":{"line":607,"column":2},"end":{"line":614,"column":3}},"308":{"start":{"line":608,"column":20},"end":{"line":610,"column":6}},"309":{"start":{"line":611,"column":4},"end":{"line":611,"column":22}},"310":{"start":{"line":613,"column":4},"end":{"line":613,"column":77}},"311":{"start":{"line":617,"column":0},"end":{"line":627,"column":3}},"312":{"start":{"line":618,"column":153},"end":{"line":618,"column":161}},"313":{"start":{"line":619,"column":2},"end":{"line":626,"column":3}},"314":{"start":{"line":620,"column":19},"end":{"line":622,"column":6}},"315":{"start":{"line":623,"column":4},"end":{"line":623,"column":33}},"316":{"start":{"line":625,"column":4},"end":{"line":625,"column":76}},"317":{"start":{"line":630,"column":0},"end":{"line":640,"column":3}},"318":{"start":{"line":631,"column":17},"end":{"line":631,"column":27}},"319":{"start":{"line":632,"column":2},"end":{"line":639,"column":3}},"320":{"start":{"line":633,"column":26},"end":{"line":635,"column":6}},"321":{"start":{"line":636,"column":4},"end":{"line":636,"column":28}},"322":{"start":{"line":638,"column":4},"end":{"line":638,"column":70}},"323":{"start":{"line":646,"column":0},"end":{"line":757,"column":3}},"324":{"start":{"line":647,"column":2},"end":{"line":652,"column":4}},"325":{"start":{"line":653,"column":40},"end":{"line":653,"column":48}},"326":{"start":{"line":656,"column":2},"end":{"line":660,"column":5}},"327":{"start":{"line":662,"column":2},"end":{"line":669,"column":3}},"328":{"start":{"line":663,"column":4},"end":{"line":668,"column":9}},"329":{"start":{"line":670,"column":2},"end":{"line":677,"column":3}},"330":{"start":{"line":671,"column":4},"end":{"line":676,"column":9}},"331":{"start":{"line":680,"column":2},"end":{"line":689,"column":3}},"332":{"start":{"line":686,"column":4},"end":{"line":688,"column":71}},"333":{"start":{"line":691,"column":2},"end":{"line":756,"column":3}},"334":{"start":{"line":693,"column":15},"end":{"line":693,"column":19}},"335":{"start":{"line":694,"column":4},"end":{"line":704,"column":5}},"336":{"start":{"line":695,"column":6},"end":{"line":700,"column":9}},"337":{"start":{"line":701,"column":6},"end":{"line":703,"column":7}},"338":{"start":{"line":702,"column":8},"end":{"line":702,"column":76}},"339":{"start":{"line":705,"column":4},"end":{"line":716,"column":5}},"340":{"start":{"line":707,"column":6},"end":{"line":712,"column":9}},"341":{"start":{"line":713,"column":6},"end":{"line":715,"column":7}},"342":{"start":{"line":714,"column":8},"end":{"line":714,"column":70}},"343":{"start":{"line":717,"column":4},"end":{"line":722,"column":5}},"344":{"start":{"line":718,"column":6},"end":{"line":718,"column":89}},"345":{"start":{"line":719,"column":6},"end":{"line":721,"column":66}},"346":{"start":{"line":724,"column":4},"end":{"line":724,"column":51}},"347":{"start":{"line":727,"column":6},"end":{"line":727,"column":117}},"348":{"start":{"line":728,"column":4},"end":{"line":733,"column":5}},"349":{"start":{"line":729,"column":6},"end":{"line":729,"column":70}},"350":{"start":{"line":730,"column":6},"end":{"line":732,"column":64}},"351":{"start":{"line":736,"column":4},"end":{"line":742,"column":7}},"352":{"start":{"line":743,"column":4},"end":{"line":743,"column":69}},"353":{"start":{"line":744,"column":4},"end":{"line":744,"column":72}},"354":{"start":{"line":745,"column":4},"end":{"line":749,"column":7}},"355":{"start":{"line":751,"column":20},"end":{"line":751,"column":74}},"356":{"start":{"line":752,"column":4},"end":{"line":752,"column":50}},"357":{"start":{"line":753,"column":4},"end":{"line":755,"column":73}},"358":{"start":{"line":760,"column":0},"end":{"line":762,"column":3}},"359":{"start":{"line":761,"column":2},"end":{"line":761,"column":42}},"360":{"start":{"line":765,"column":0},"end":{"line":768,"column":3}},"361":{"start":{"line":766,"column":2},"end":{"line":766,"column":64}},"362":{"start":{"line":767,"column":2},"end":{"line":767,"column":47}},"363":{"start":{"line":771,"column":0},"end":{"line":778,"column":3}},"364":{"start":{"line":772,"column":2},"end":{"line":772,"column":40}},"365":{"start":{"line":773,"column":2},"end":{"line":777,"column":3}},"366":{"start":{"line":774,"column":4},"end":{"line":774,"column":143}},"367":{"start":{"line":776,"column":4},"end":{"line":776,"column":61}},"368":{"start":{"line":780,"column":0},"end":{"line":780,"column":19}}},"fnMap":{"0":{"name":"setBroadcastUpdate","decl":{"start":{"line":13,"column":16},"end":{"line":13,"column":34}},"loc":{"start":{"line":13,"column":61},"end":{"line":15,"column":1}}},"1":{"name":"(anonymous_2)","decl":{"start":{"line":24,"column":10},"end":{"line":24,"column":11}},"loc":{"start":{"line":24,"column":31},"end":{"line":35,"column":3}}},"2":{"name":"(anonymous_3)","decl":{"start":{"line":45,"column":8},"end":{"line":45,"column":9}},"loc":{"start":{"line":45,"column":27},"end":{"line":53,"column":1}}},"3":{"name":"requireAdminSession","decl":{"start":{"line":56,"column":9},"end":{"line":56,"column":28}},"loc":{"start":{"line":56,"column":76},"end":{"line":62,"column":1}}},"4":{"name":"(anonymous_5)","decl":{"start":{"line":65,"column":29},"end":{"line":65,"column":34}},"loc":{"start":{"line":65,"column":67},"end":{"line":123,"column":1}}},"5":{"name":"(anonymous_6)","decl":{"start":{"line":87,"column":6},"end":{"line":87,"column":7}},"loc":{"start":{"line":88,"column":8},"end":{"line":91,"column":null}}},"6":{"name":"(anonymous_7)","decl":{"start":{"line":99,"column":30},"end":{"line":99,"column":31}},"loc":{"start":{"line":99,"column":35},"end":{"line":99,"column":55}}},"7":{"name":"setBroadcastActivityLogUpdate","decl":{"start":{"line":132,"column":16},"end":{"line":132,"column":45}},"loc":{"start":{"line":132,"column":78},"end":{"line":134,"column":1}}},"8":{"name":"(anonymous_9)","decl":{"start":{"line":137,"column":50},"end":{"line":137,"column":55}},"loc":{"start":{"line":137,"column":88},"end":{"line":148,"column":1}}},"9":{"name":"(anonymous_10)","decl":{"start":{"line":151,"column":51},"end":{"line":151,"column":56}},"loc":{"start":{"line":151,"column":89},"end":{"line":171,"column":1}}},"10":{"name":"(anonymous_11)","decl":{"start":{"line":173,"column":57},"end":{"line":173,"column":62}},"loc":{"start":{"line":173,"column":95},"end":{"line":180,"column":1}}},"11":{"name":"logActivity","decl":{"start":{"line":183,"column":22},"end":{"line":183,"column":33}},"loc":{"start":{"line":189,"column":1},"end":{"line":207,"column":1}}},"12":{"name":"(anonymous_13)","decl":{"start":{"line":210,"column":8},"end":{"line":210,"column":9}},"loc":{"start":{"line":210,"column":27},"end":{"line":217,"column":1}}},"13":{"name":"(anonymous_14)","decl":{"start":{"line":212,"column":19},"end":{"line":212,"column":22}},"loc":{"start":{"line":212,"column":24},"end":{"line":215,"column":3}}},"14":{"name":"(anonymous_15)","decl":{"start":{"line":221,"column":34},"end":{"line":221,"column":39}},"loc":{"start":{"line":221,"column":72},"end":{"line":225,"column":1}}},"15":{"name":"(anonymous_16)","decl":{"start":{"line":228,"column":30},"end":{"line":228,"column":35}},"loc":{"start":{"line":228,"column":68},"end":{"line":231,"column":1}}},"16":{"name":"(anonymous_17)","decl":{"start":{"line":234,"column":42},"end":{"line":234,"column":47}},"loc":{"start":{"line":234,"column":80},"end":{"line":246,"column":1}}},"17":{"name":"(anonymous_18)","decl":{"start":{"line":249,"column":22},"end":{"line":249,"column":27}},"loc":{"start":{"line":249,"column":60},"end":{"line":252,"column":1}}},"18":{"name":"(anonymous_19)","decl":{"start":{"line":254,"column":23},"end":{"line":254,"column":28}},"loc":{"start":{"line":254,"column":61},"end":{"line":271,"column":1}}},"19":{"name":"(anonymous_20)","decl":{"start":{"line":273,"column":29},"end":{"line":273,"column":34}},"loc":{"start":{"line":273,"column":67},"end":{"line":281,"column":1}}},"20":{"name":"(anonymous_21)","decl":{"start":{"line":286,"column":27},"end":{"line":286,"column":32}},"loc":{"start":{"line":286,"column":65},"end":{"line":306,"column":1}}},"21":{"name":"(anonymous_22)","decl":{"start":{"line":307,"column":30},"end":{"line":307,"column":35}},"loc":{"start":{"line":307,"column":68},"end":{"line":320,"column":1}}},"22":{"name":"(anonymous_23)","decl":{"start":{"line":321,"column":22},"end":{"line":321,"column":27}},"loc":{"start":{"line":321,"column":60},"end":{"line":326,"column":1}}},"23":{"name":"(anonymous_24)","decl":{"start":{"line":331,"column":26},"end":{"line":331,"column":31}},"loc":{"start":{"line":331,"column":64},"end":{"line":350,"column":1}}},"24":{"name":"(anonymous_25)","decl":{"start":{"line":352,"column":29},"end":{"line":352,"column":34}},"loc":{"start":{"line":352,"column":67},"end":{"line":374,"column":1}}},"25":{"name":"(anonymous_26)","decl":{"start":{"line":377,"column":29},"end":{"line":377,"column":34}},"loc":{"start":{"line":377,"column":67},"end":{"line":396,"column":1}}},"26":{"name":"(anonymous_27)","decl":{"start":{"line":398,"column":23},"end":{"line":398,"column":28}},"loc":{"start":{"line":398,"column":61},"end":{"line":423,"column":1}}},"27":{"name":"(anonymous_28)","decl":{"start":{"line":425,"column":29},"end":{"line":425,"column":34}},"loc":{"start":{"line":425,"column":67},"end":{"line":454,"column":1}}},"28":{"name":"(anonymous_29)","decl":{"start":{"line":457,"column":23},"end":{"line":457,"column":28}},"loc":{"start":{"line":457,"column":61},"end":{"line":488,"column":1}}},"29":{"name":"(anonymous_30)","decl":{"start":{"line":493,"column":28},"end":{"line":493,"column":33}},"loc":{"start":{"line":493,"column":66},"end":{"line":513,"column":1}}},"30":{"name":"(anonymous_31)","decl":{"start":{"line":514,"column":31},"end":{"line":514,"column":36}},"loc":{"start":{"line":514,"column":69},"end":{"line":527,"column":1}}},"31":{"name":"(anonymous_32)","decl":{"start":{"line":528,"column":23},"end":{"line":528,"column":28}},"loc":{"start":{"line":528,"column":61},"end":{"line":543,"column":1}}},"32":{"name":"(anonymous_33)","decl":{"start":{"line":545,"column":24},"end":{"line":545,"column":29}},"loc":{"start":{"line":545,"column":62},"end":{"line":555,"column":1}}},"33":{"name":"(anonymous_34)","decl":{"start":{"line":558,"column":23},"end":{"line":558,"column":28}},"loc":{"start":{"line":558,"column":61},"end":{"line":567,"column":1}}},"34":{"name":"(anonymous_35)","decl":{"start":{"line":569,"column":24},"end":{"line":569,"column":29}},"loc":{"start":{"line":569,"column":62},"end":{"line":577,"column":1}}},"35":{"name":"(anonymous_36)","decl":{"start":{"line":579,"column":27},"end":{"line":579,"column":32}},"loc":{"start":{"line":579,"column":65},"end":{"line":591,"column":1}}},"36":{"name":"(anonymous_37)","decl":{"start":{"line":593,"column":30},"end":{"line":593,"column":35}},"loc":{"start":{"line":593,"column":68},"end":{"line":603,"column":1}}},"37":{"name":"(anonymous_38)","decl":{"start":{"line":606,"column":24},"end":{"line":606,"column":29}},"loc":{"start":{"line":606,"column":62},"end":{"line":615,"column":1}}},"38":{"name":"(anonymous_39)","decl":{"start":{"line":617,"column":25},"end":{"line":617,"column":30}},"loc":{"start":{"line":617,"column":63},"end":{"line":627,"column":1}}},"39":{"name":"(anonymous_40)","decl":{"start":{"line":630,"column":31},"end":{"line":630,"column":36}},"loc":{"start":{"line":630,"column":69},"end":{"line":640,"column":1}}},"40":{"name":"(anonymous_41)","decl":{"start":{"line":646,"column":29},"end":{"line":646,"column":34}},"loc":{"start":{"line":646,"column":67},"end":{"line":757,"column":1}}},"41":{"name":"(anonymous_42)","decl":{"start":{"line":760,"column":13},"end":{"line":760,"column":14}},"loc":{"start":{"line":760,"column":26},"end":{"line":762,"column":1}}},"42":{"name":"(anonymous_43)","decl":{"start":{"line":765,"column":8},"end":{"line":765,"column":9}},"loc":{"start":{"line":765,"column":27},"end":{"line":768,"column":1}}},"43":{"name":"(anonymous_44)","decl":{"start":{"line":771,"column":8},"end":{"line":771,"column":9}},"loc":{"start":{"line":771,"column":74},"end":{"line":778,"column":1}}}},"branchMap":{"0":{"loc":{"start":{"line":26,"column":4},"end":{"line":34,"column":5}},"type":"if","locations":[{"start":{"line":26,"column":4},"end":{"line":34,"column":5}},{"start":{"line":32,"column":11},"end":{"line":34,"column":5}}]},"1":{"loc":{"start":{"line":27,"column":6},"end":{"line":29,"column":48}},"type":"binary-expr","locations":[{"start":{"line":27,"column":6},"end":{"line":27,"column":13}},{"start":{"line":28,"column":6},"end":{"line":28,"column":45}},{"start":{"line":29,"column":6},"end":{"line":29,"column":48}}]},"2":{"loc":{"start":{"line":58,"column":2},"end":{"line":60,"column":3}},"type":"if","locations":[{"start":{"line":58,"column":2},"end":{"line":60,"column":3}}]},"3":{"loc":{"start":{"line":58,"column":6},"end":{"line":58,"column":46}},"type":"binary-expr","locations":[{"start":{"line":58,"column":6},"end":{"line":58,"column":17}},{"start":{"line":58,"column":21},"end":{"line":58,"column":46}}]},"4":{"loc":{"start":{"line":70,"column":2},"end":{"line":72,"column":3}},"type":"if","locations":[{"start":{"line":70,"column":2},"end":{"line":72,"column":3}}]},"5":{"loc":{"start":{"line":70,"column":6},"end":{"line":70,"column":25}},"type":"binary-expr","locations":[{"start":{"line":70,"column":6},"end":{"line":70,"column":15}},{"start":{"line":70,"column":19},"end":{"line":70,"column":25}}]},"6":{"loc":{"start":{"line":73,"column":2},"end":{"line":75,"column":3}},"type":"if","locations":[{"start":{"line":73,"column":2},"end":{"line":75,"column":3}}]},"7":{"loc":{"start":{"line":76,"column":2},"end":{"line":78,"column":3}},"type":"if","locations":[{"start":{"line":76,"column":2},"end":{"line":78,"column":3}}]},"8":{"loc":{"start":{"line":76,"column":6},"end":{"line":76,"column":57}},"type":"binary-expr","locations":[{"start":{"line":76,"column":6},"end":{"line":76,"column":34}},{"start":{"line":76,"column":38},"end":{"line":76,"column":57}}]},"9":{"loc":{"start":{"line":88,"column":8},"end":{"line":91,"column":null}},"type":"binary-expr","locations":[{"start":{"line":88,"column":8},"end":{"line":88,"column":31}},{"start":{"line":90,"column":11},"end":{"line":90,"column":19}},{"start":{"line":90,"column":23},"end":{"line":90,"column":74}},{"start":{"line":91,"column":11},"end":{"line":91,"column":16}},{"start":{"line":91,"column":20},"end":{"line":91,"column":65}}]},"10":{"loc":{"start":{"line":95,"column":4},"end":{"line":97,"column":5}},"type":"if","locations":[{"start":{"line":95,"column":4},"end":{"line":97,"column":5}}]},"11":{"loc":{"start":{"line":101,"column":4},"end":{"line":103,"column":5}},"type":"if","locations":[{"start":{"line":101,"column":4},"end":{"line":103,"column":5}}]},"12":{"loc":{"start":{"line":160,"column":4},"end":{"line":165,"column":5}},"type":"if","locations":[{"start":{"line":160,"column":4},"end":{"line":165,"column":5}},{"start":{"line":163,"column":11},"end":{"line":165,"column":5}}]},"13":{"loc":{"start":{"line":195,"column":2},"end":{"line":198,"column":3}},"type":"if","locations":[{"start":{"line":195,"column":2},"end":{"line":198,"column":3}}]},"14":{"loc":{"start":{"line":195,"column":6},"end":{"line":195,"column":58}},"type":"binary-expr","locations":[{"start":{"line":195,"column":6},"end":{"line":195,"column":17}},{"start":{"line":195,"column":21},"end":{"line":195,"column":58}}]},"15":{"loc":{"start":{"line":197,"column":4},"end":{"line":197,"column":55}},"type":"if","locations":[{"start":{"line":197,"column":4},"end":{"line":197,"column":55}}]},"16":{"loc":{"start":{"line":200,"column":2},"end":{"line":205,"column":3}},"type":"if","locations":[{"start":{"line":200,"column":2},"end":{"line":205,"column":3}},{"start":{"line":203,"column":9},"end":{"line":205,"column":3}}]},"17":{"loc":{"start":{"line":288,"column":2},"end":{"line":290,"column":3}},"type":"if","locations":[{"start":{"line":288,"column":2},"end":{"line":290,"column":3}}]},"18":{"loc":{"start":{"line":288,"column":6},"end":{"line":288,"column":53}},"type":"binary-expr","locations":[{"start":{"line":288,"column":6},"end":{"line":288,"column":29}},{"start":{"line":288,"column":33},"end":{"line":288,"column":53}}]},"19":{"loc":{"start":{"line":295,"column":6},"end":{"line":295,"column":24}},"type":"if","locations":[{"start":{"line":295,"column":6},"end":{"line":295,"column":24}}]},"20":{"loc":{"start":{"line":300,"column":6},"end":{"line":300,"column":36}},"type":"if","locations":[{"start":{"line":300,"column":6},"end":{"line":300,"column":36}}]},"21":{"loc":{"start":{"line":309,"column":2},"end":{"line":311,"column":3}},"type":"if","locations":[{"start":{"line":309,"column":2},"end":{"line":311,"column":3}}]},"22":{"loc":{"start":{"line":309,"column":6},"end":{"line":309,"column":45}},"type":"binary-expr","locations":[{"start":{"line":309,"column":6},"end":{"line":309,"column":25}},{"start":{"line":309,"column":29},"end":{"line":309,"column":45}}]},"23":{"loc":{"start":{"line":340,"column":4},"end":{"line":345,"column":5}},"type":"if","locations":[{"start":{"line":340,"column":4},"end":{"line":345,"column":5}}]},"24":{"loc":{"start":{"line":342,"column":6},"end":{"line":344,"column":7}},"type":"if","locations":[{"start":{"line":342,"column":6},"end":{"line":344,"column":7}}]},"25":{"loc":{"start":{"line":356,"column":2},"end":{"line":356,"column":73}},"type":"if","locations":[{"start":{"line":356,"column":2},"end":{"line":356,"column":73}}]},"26":{"loc":{"start":{"line":357,"column":2},"end":{"line":357,"column":85}},"type":"if","locations":[{"start":{"line":357,"column":2},"end":{"line":357,"column":85}}]},"27":{"loc":{"start":{"line":358,"column":2},"end":{"line":358,"column":65}},"type":"if","locations":[{"start":{"line":358,"column":2},"end":{"line":358,"column":65}}]},"28":{"loc":{"start":{"line":359,"column":2},"end":{"line":359,"column":44}},"type":"if","locations":[{"start":{"line":359,"column":2},"end":{"line":359,"column":44}}]},"29":{"loc":{"start":{"line":360,"column":2},"end":{"line":366,"column":3}},"type":"if","locations":[{"start":{"line":360,"column":2},"end":{"line":366,"column":3}}]},"30":{"loc":{"start":{"line":381,"column":2},"end":{"line":381,"column":85}},"type":"if","locations":[{"start":{"line":381,"column":2},"end":{"line":381,"column":85}}]},"31":{"loc":{"start":{"line":382,"column":2},"end":{"line":382,"column":76}},"type":"if","locations":[{"start":{"line":382,"column":2},"end":{"line":382,"column":76}}]},"32":{"loc":{"start":{"line":383,"column":2},"end":{"line":388,"column":3}},"type":"if","locations":[{"start":{"line":383,"column":2},"end":{"line":388,"column":3}}]},"33":{"loc":{"start":{"line":401,"column":2},"end":{"line":404,"column":3}},"type":"if","locations":[{"start":{"line":401,"column":2},"end":{"line":404,"column":3}}]},"34":{"loc":{"start":{"line":401,"column":6},"end":{"line":401,"column":65}},"type":"binary-expr","locations":[{"start":{"line":401,"column":6},"end":{"line":401,"column":11}},{"start":{"line":401,"column":15},"end":{"line":401,"column":27}},{"start":{"line":401,"column":31},"end":{"line":401,"column":40}},{"start":{"line":401,"column":44},"end":{"line":401,"column":54}},{"start":{"line":401,"column":58},"end":{"line":401,"column":65}}]},"35":{"loc":{"start":{"line":411,"column":4},"end":{"line":418,"column":5}},"type":"if","locations":[{"start":{"line":411,"column":4},"end":{"line":418,"column":5}},{"start":{"line":415,"column":11},"end":{"line":418,"column":5}}]},"36":{"loc":{"start":{"line":428,"column":17},"end":{"line":428,"column":52}},"type":"binary-expr","locations":[{"start":{"line":428,"column":17},"end":{"line":428,"column":32}},{"start":{"line":428,"column":36},"end":{"line":428,"column":52}}]},"37":{"loc":{"start":{"line":430,"column":18},"end":{"line":430,"column":71}},"type":"binary-expr","locations":[{"start":{"line":430,"column":18},"end":{"line":430,"column":41}},{"start":{"line":430,"column":45},"end":{"line":430,"column":71}}]},"38":{"loc":{"start":{"line":431,"column":2},"end":{"line":433,"column":3}},"type":"if","locations":[{"start":{"line":431,"column":2},"end":{"line":433,"column":3}}]},"39":{"loc":{"start":{"line":431,"column":6},"end":{"line":431,"column":25}},"type":"binary-expr","locations":[{"start":{"line":431,"column":6},"end":{"line":431,"column":13}},{"start":{"line":431,"column":17},"end":{"line":431,"column":25}}]},"40":{"loc":{"start":{"line":436,"column":4},"end":{"line":438,"column":5}},"type":"if","locations":[{"start":{"line":436,"column":4},"end":{"line":438,"column":5}}]},"41":{"loc":{"start":{"line":439,"column":4},"end":{"line":441,"column":5}},"type":"if","locations":[{"start":{"line":439,"column":4},"end":{"line":441,"column":5}}]},"42":{"loc":{"start":{"line":439,"column":8},"end":{"line":439,"column":50}},"type":"binary-expr","locations":[{"start":{"line":439,"column":8},"end":{"line":439,"column":16}},{"start":{"line":439,"column":20},"end":{"line":439,"column":50}}]},"43":{"loc":{"start":{"line":444,"column":4},"end":{"line":449,"column":5}},"type":"if","locations":[{"start":{"line":444,"column":4},"end":{"line":449,"column":5}}]},"44":{"loc":{"start":{"line":446,"column":6},"end":{"line":448,"column":7}},"type":"if","locations":[{"start":{"line":446,"column":6},"end":{"line":448,"column":7}}]},"45":{"loc":{"start":{"line":479,"column":4},"end":{"line":482,"column":5}},"type":"if","locations":[{"start":{"line":479,"column":4},"end":{"line":482,"column":5}}]},"46":{"loc":{"start":{"line":495,"column":2},"end":{"line":497,"column":3}},"type":"if","locations":[{"start":{"line":495,"column":2},"end":{"line":497,"column":3}}]},"47":{"loc":{"start":{"line":495,"column":6},"end":{"line":495,"column":53}},"type":"binary-expr","locations":[{"start":{"line":495,"column":6},"end":{"line":495,"column":29}},{"start":{"line":495,"column":33},"end":{"line":495,"column":53}}]},"48":{"loc":{"start":{"line":502,"column":6},"end":{"line":502,"column":24}},"type":"if","locations":[{"start":{"line":502,"column":6},"end":{"line":502,"column":24}}]},"49":{"loc":{"start":{"line":507,"column":6},"end":{"line":507,"column":36}},"type":"if","locations":[{"start":{"line":507,"column":6},"end":{"line":507,"column":36}}]},"50":{"loc":{"start":{"line":516,"column":2},"end":{"line":518,"column":3}},"type":"if","locations":[{"start":{"line":516,"column":2},"end":{"line":518,"column":3}}]},"51":{"loc":{"start":{"line":516,"column":6},"end":{"line":516,"column":45}},"type":"binary-expr","locations":[{"start":{"line":516,"column":6},"end":{"line":516,"column":25}},{"start":{"line":516,"column":29},"end":{"line":516,"column":45}}]},"52":{"loc":{"start":{"line":662,"column":2},"end":{"line":669,"column":3}},"type":"if","locations":[{"start":{"line":662,"column":2},"end":{"line":669,"column":3}}]},"53":{"loc":{"start":{"line":662,"column":6},"end":{"line":662,"column":28}},"type":"binary-expr","locations":[{"start":{"line":662,"column":6},"end":{"line":662,"column":15}},{"start":{"line":662,"column":19},"end":{"line":662,"column":28}}]},"54":{"loc":{"start":{"line":670,"column":2},"end":{"line":677,"column":3}},"type":"if","locations":[{"start":{"line":670,"column":2},"end":{"line":677,"column":3}}]},"55":{"loc":{"start":{"line":670,"column":6},"end":{"line":670,"column":57}},"type":"binary-expr","locations":[{"start":{"line":670,"column":6},"end":{"line":670,"column":34}},{"start":{"line":670,"column":38},"end":{"line":670,"column":57}}]},"56":{"loc":{"start":{"line":680,"column":2},"end":{"line":689,"column":3}},"type":"if","locations":[{"start":{"line":680,"column":2},"end":{"line":689,"column":3}}]},"57":{"loc":{"start":{"line":681,"column":4},"end":{"line":684,"column":23}},"type":"binary-expr","locations":[{"start":{"line":681,"column":4},"end":{"line":681,"column":13}},{"start":{"line":682,"column":4},"end":{"line":682,"column":13}},{"start":{"line":683,"column":4},"end":{"line":683,"column":32}},{"start":{"line":684,"column":4},"end":{"line":684,"column":23}}]},"58":{"loc":{"start":{"line":694,"column":4},"end":{"line":704,"column":5}},"type":"if","locations":[{"start":{"line":694,"column":4},"end":{"line":704,"column":5}}]},"59":{"loc":{"start":{"line":701,"column":6},"end":{"line":703,"column":7}},"type":"if","locations":[{"start":{"line":701,"column":6},"end":{"line":703,"column":7}}]},"60":{"loc":{"start":{"line":705,"column":4},"end":{"line":716,"column":5}},"type":"if","locations":[{"start":{"line":705,"column":4},"end":{"line":716,"column":5}}]},"61":{"loc":{"start":{"line":705,"column":8},"end":{"line":705,"column":62}},"type":"binary-expr","locations":[{"start":{"line":705,"column":8},"end":{"line":705,"column":13}},{"start":{"line":705,"column":17},"end":{"line":705,"column":42}},{"start":{"line":705,"column":46},"end":{"line":705,"column":62}}]},"62":{"loc":{"start":{"line":713,"column":6},"end":{"line":715,"column":7}},"type":"if","locations":[{"start":{"line":713,"column":6},"end":{"line":715,"column":7}}]},"63":{"loc":{"start":{"line":717,"column":4},"end":{"line":722,"column":5}},"type":"if","locations":[{"start":{"line":717,"column":4},"end":{"line":722,"column":5}}]},"64":{"loc":{"start":{"line":727,"column":6},"end":{"line":727,"column":117}},"type":"cond-expr","locations":[{"start":{"line":727,"column":72},"end":{"line":727,"column":110}},{"start":{"line":727,"column":113},"end":{"line":727,"column":117}}]},"65":{"loc":{"start":{"line":728,"column":4},"end":{"line":733,"column":5}},"type":"if","locations":[{"start":{"line":728,"column":4},"end":{"line":733,"column":5}}]},"66":{"loc":{"start":{"line":751,"column":20},"end":{"line":751,"column":74}},"type":"cond-expr","locations":[{"start":{"line":751,"column":45},"end":{"line":751,"column":58}},{"start":{"line":751,"column":61},"end":{"line":751,"column":74}}]},"67":{"loc":{"start":{"line":773,"column":2},"end":{"line":777,"column":3}},"type":"if","locations":[{"start":{"line":773,"column":2},"end":{"line":777,"column":3}},{"start":{"line":775,"column":9},"end":{"line":777,"column":3}}]},"68":{"loc":{"start":{"line":773,"column":6},"end":{"line":773,"column":84}},"type":"binary-expr","locations":[{"start":{"line":773,"column":6},"end":{"line":773,"column":29}},{"start":{"line":773,"column":33},"end":{"line":773,"column":45}},{"start":{"line":773,"column":49},"end":{"line":773,"column":64}},{"start":{"line":773,"column":68},"end":{"line":773,"column":84}}]},"69":{"loc":{"start":{"line":774,"column":16},"end":{"line":774,"column":58}},"type":"binary-expr","locations":[{"start":{"line":774,"column":16},"end":{"line":774,"column":51}},{"start":{"line":774,"column":55},"end":{"line":774,"column":58}}]},"70":{"loc":{"start":{"line":774,"column":75},"end":{"line":774,"column":139}},"type":"binary-expr","locations":[{"start":{"line":774,"column":75},"end":{"line":774,"column":112}},{"start":{"line":774,"column":116},"end":{"line":774,"column":139}}]}},"s":{"0":7,"1":7,"2":7,"3":7,"4":7,"5":7,"6":7,"7":7,"8":7,"9":7,"10":7,"11":7,"12":7,"13":7,"14":63,"15":63,"16":0,"17":7,"18":7,"19":7,"20":61,"21":61,"22":61,"23":61,"24":61,"25":0,"26":0,"27":0,"28":7,"29":2,"30":2,"31":2,"32":1,"33":1,"34":0,"35":1,"36":1,"37":0,"38":0,"39":0,"40":0,"41":0,"42":0,"43":0,"44":0,"45":0,"46":0,"47":0,"48":0,"49":0,"50":0,"51":0,"52":0,"53":0,"54":0,"55":0,"56":0,"57":7,"58":7,"59":7,"60":7,"61":7,"62":0,"63":0,"64":0,"65":0,"66":0,"67":7,"68":0,"69":0,"70":0,"71":0,"72":0,"73":0,"74":0,"75":0,"76":0,"77":0,"78":0,"79":0,"80":0,"81":7,"82":0,"83":0,"84":0,"85":0,"86":8,"87":8,"88":8,"89":0,"90":0,"91":0,"92":8,"93":8,"94":8,"95":8,"96":0,"97":8,"98":7,"99":59,"100":59,"101":59,"102":59,"103":59,"104":7,"105":0,"106":0,"107":7,"108":0,"109":0,"110":7,"111":0,"112":0,"113":0,"114":0,"115":7,"116":1,"117":1,"118":7,"119":10,"120":10,"121":10,"122":8,"123":8,"124":2,"125":7,"126":1,"127":1,"128":1,"129":0,"130":1,"131":7,"132":1,"133":1,"134":0,"135":1,"136":1,"137":1,"138":2,"139":2,"140":0,"141":2,"142":2,"143":2,"144":1,"145":0,"146":7,"147":1,"148":1,"149":0,"150":1,"151":1,"152":1,"153":0,"154":7,"155":2,"156":2,"157":7,"158":0,"159":0,"160":0,"161":0,"162":0,"163":0,"164":0,"165":0,"166":0,"167":0,"168":7,"169":3,"170":3,"171":3,"172":1,"173":3,"174":1,"175":3,"176":0,"177":3,"178":0,"179":3,"180":1,"181":3,"182":3,"183":3,"184":0,"185":7,"186":2,"187":2,"188":2,"189":1,"190":2,"191":0,"192":2,"193":1,"194":2,"195":2,"196":2,"197":0,"198":7,"199":14,"200":14,"201":14,"202":2,"203":2,"204":12,"205":12,"206":11,"207":11,"208":11,"209":11,"210":11,"211":0,"212":0,"213":11,"214":1,"215":7,"216":2,"217":2,"218":2,"219":2,"220":0,"221":2,"222":2,"223":2,"224":1,"225":1,"226":1,"227":0,"228":0,"229":0,"230":0,"231":0,"232":0,"233":0,"234":7,"235":1,"236":1,"237":1,"238":1,"239":1,"240":1,"241":1,"242":1,"243":1,"244":1,"245":0,"246":0,"247":0,"248":7,"249":1,"250":1,"251":0,"252":1,"253":1,"254":1,"255":2,"256":2,"257":0,"258":2,"259":2,"260":2,"261":1,"262":0,"263":7,"264":1,"265":1,"266":0,"267":1,"268":1,"269":1,"270":0,"271":7,"272":2,"273":2,"274":2,"275":0,"276":7,"277":6,"278":6,"279":6,"280":5,"281":1,"282":7,"283":1,"284":1,"285":1,"286":0,"287":7,"288":1,"289":1,"290":1,"291":1,"292":0,"293":7,"294":1,"295":1,"296":1,"297":1,"298":1,"299":0,"300":7,"301":2,"302":2,"303":2,"304":1,"305":1,"306":7,"307":1,"308":1,"309":1,"310":0,"311":7,"312":2,"313":2,"314":2,"315":1,"316":1,"317":7,"318":2,"319":2,"320":2,"321":1,"322":1,"323":7,"324":0,"325":0,"326":0,"327":0,"328":0,"329":0,"330":0,"331":0,"332":0,"333":0,"334":0,"335":0,"336":0,"337":0,"338":0,"339":0,"340":0,"341":0,"342":0,"343":0,"344":0,"345":0,"346":0,"347":0,"348":0,"349":0,"350":0,"351":0,"352":0,"353":0,"354":0,"355":0,"356":0,"357":0,"358":7,"359":0,"360":7,"361":1,"362":1,"363":7,"364":2,"365":2,"366":2,"367":0,"368":7},"f":{"0":7,"1":63,"2":61,"3":0,"4":2,"5":0,"6":0,"7":7,"8":0,"9":0,"10":0,"11":8,"12":59,"13":59,"14":0,"15":0,"16":0,"17":1,"18":10,"19":1,"20":1,"21":1,"22":2,"23":0,"24":3,"25":2,"26":14,"27":2,"28":1,"29":1,"30":1,"31":2,"32":6,"33":1,"34":1,"35":1,"36":2,"37":1,"38":2,"39":2,"40":0,"41":0,"42":1,"43":2},"b":{"0":[63,0],"1":[63,0,0],"2":[0],"3":[0,0],"4":[1],"5":[2,1],"6":[0],"7":[1],"8":[1,1],"9":[0,0,0,0,0],"10":[0],"11":[0],"12":[0,0],"13":[0],"14":[8,0],"15":[0],"16":[8,0],"17":[0],"18":[1,1],"19":[0],"20":[2],"21":[0],"22":[1,1],"23":[0],"24":[0],"25":[1],"26":[1],"27":[0],"28":[0],"29":[1],"30":[1],"31":[0],"32":[1],"33":[2],"34":[14,14,14,14,14],"35":[11,0],"36":[2,0],"37":[2,2],"38":[0],"39":[2,0],"40":[1],"41":[1],"42":[1,1],"43":[0],"44":[0],"45":[1],"46":[0],"47":[1,1],"48":[0],"49":[2],"50":[0],"51":[1,1],"52":[0],"53":[0,0],"54":[0],"55":[0,0],"56":[0],"57":[0,0,0,0],"58":[0],"59":[0],"60":[0],"61":[0,0,0],"62":[0],"63":[0],"64":[0,0],"65":[0],"66":[0,0],"67":[2,0],"68":[2,2,2,2],"69":[2,0],"70":[2,0]}}
,"D:\\communitu-barter-system\\barter-community-nexus\\barter-backend\\src\\websocket.ts": {"path":"D:\\communitu-barter-system\\barter-community-nexus\\barter-backend\\src\\websocket.ts","statementMap":{"0":{"start":{"line":9,"column":0},"end":{"line":9,"column":24}},"1":{"start":{"line":1,"column":0},"end":{"line":1,"column":35}},"2":{"start":{"line":10,"column":13},"end":{"line":14,"column":4}},"3":{"start":{"line":16,"column":2},"end":{"line":24,"column":5}},"4":{"start":{"line":17,"column":16},"end":{"line":17,"column":40}},"5":{"start":{"line":18,"column":4},"end":{"line":18,"column":72}},"6":{"start":{"line":19,"column":4},"end":{"line":22,"column":7}},"7":{"start":{"line":20,"column":17},"end":{"line":20,"column":41}},"8":{"start":{"line":21,"column":6},"end":{"line":21,"column":96}},"9":{"start":{"line":28,"column":16},"end":{"line":28,"column":40}},"10":{"start":{"line":29,"column":4},"end":{"line":29,"column":72}},"11":{"start":{"line":30,"column":4},"end":{"line":30,"column":62}},"12":{"start":{"line":31,"column":4},"end":{"line":31,"column":25}},"13":{"start":{"line":36,"column":16},"end":{"line":36,"column":40}},"14":{"start":{"line":37,"column":4},"end":{"line":37,"column":83}},"15":{"start":{"line":38,"column":4},"end":{"line":38,"column":74}},"16":{"start":{"line":39,"column":4},"end":{"line":39,"column":53}},"17":{"start":{"line":42,"column":2},"end":{"line":46,"column":4}}},"fnMap":{"0":{"name":"setupWebSocket","decl":{"start":{"line":9,"column":24},"end":{"line":9,"column":38}},"loc":{"start":{"line":9,"column":72},"end":{"line":47,"column":1}}},"1":{"name":"(anonymous_1)","decl":{"start":{"line":16,"column":22},"end":{"line":16,"column":23}},"loc":{"start":{"line":16,"column":33},"end":{"line":24,"column":3}}},"2":{"name":"(anonymous_2)","decl":{"start":{"line":19,"column":28},"end":{"line":19,"column":29}},"loc":{"start":{"line":19,"column":39},"end":{"line":22,"column":5}}},"3":{"name":"broadcastUpdate","decl":{"start":{"line":27,"column":11},"end":{"line":27,"column":26}},"loc":{"start":{"line":27,"column":55},"end":{"line":32,"column":3}}},"4":{"name":"broadcastActivityLogUpdate","decl":{"start":{"line":35,"column":11},"end":{"line":35,"column":37}},"loc":{"start":{"line":35,"column":63},"end":{"line":40,"column":3}}}},"branchMap":{},"s":{"0":2,"1":2,"2":2,"3":2,"4":3,"5":3,"6":3,"7":3,"8":3,"9":2,"10":2,"11":2,"12":2,"13":2,"14":2,"15":2,"16":2,"17":2},"f":{"0":2,"1":3,"2":3,"3":2,"4":2},"b":{}}
,"D:\\communitu-barter-system\\barter-community-nexus\\barter-backend\\tests\\setupBroadcastMock.ts": {"path":"D:\\communitu-barter-system\\barter-community-nexus\\barter-backend\\tests\\setupBroadcastMock.ts","statementMap":{"0":{"start":{"line":1,"column":0},"end":{"line":1,"column":79}},"1":{"start":{"line":5,"column":0},"end":{"line":5,"column":29}},"2":{"start":{"line":6,"column":0},"end":{"line":6,"column":40}}},"fnMap":{"0":{"name":"(anonymous_0)","decl":{"start":{"line":5,"column":19},"end":{"line":5,"column":22}},"loc":{"start":{"line":5,"column":24},"end":{"line":5,"column":27}}},"1":{"name":"(anonymous_1)","decl":{"start":{"line":6,"column":30},"end":{"line":6,"column":33}},"loc":{"start":{"line":6,"column":35},"end":{"line":6,"column":38}}}},"branchMap":{},"s":{"0":5,"1":5,"2":5},"f":{"0":9,"1":6},"b":{}}
}
