TN:
SF:src\app.ts
FN:13,setBroadcastUpdate
FN:24,(anonymous_2)
FN:45,(anonymous_3)
FN:56,requireAdminSession
FN:65,(anonymous_5)
FN:87,(anonymous_6)
FN:99,(anonymous_7)
FN:132,setBroadcastActivityLogUpdate
FN:137,(anonymous_9)
FN:151,(anonymous_10)
FN:173,(anonymous_11)
FN:183,logActivity
FN:210,(anonymous_13)
FN:212,(anonymous_14)
FN:221,(anonymous_15)
FN:228,(anonymous_16)
FN:234,(anonymous_17)
FN:249,(anonymous_18)
FN:254,(anonymous_19)
FN:273,(anonymous_20)
FN:286,(anonymous_21)
FN:307,(anonymous_22)
FN:321,(anonymous_23)
FN:331,(anonymous_24)
FN:352,(anonymous_25)
FN:377,(anonymous_26)
FN:398,(anonymous_27)
FN:425,(anonymous_28)
FN:457,(anonymous_29)
FN:493,(anonymous_30)
FN:514,(anonymous_31)
FN:528,(anonymous_32)
FN:545,(anonymous_33)
FN:558,(anonymous_34)
FN:569,(anonymous_35)
FN:579,(anonymous_36)
FN:593,(anonymous_37)
FN:606,(anonymous_38)
FN:617,(anonymous_39)
FN:630,(anonymous_40)
FN:646,(anonymous_41)
FN:760,(anonymous_42)
FN:765,(anonymous_43)
FN:771,(anonymous_44)
FNF:44
FNH:32
FNDA:7,setBroadcastUpdate
FNDA:63,(anonymous_2)
FNDA:61,(anonymous_3)
FNDA:0,requireAdminSession
FNDA:2,(anonymous_5)
FNDA:0,(anonymous_6)
FNDA:0,(anonymous_7)
FNDA:7,setBroadcastActivityLogUpdate
FNDA:0,(anonymous_9)
FNDA:0,(anonymous_10)
FNDA:0,(anonymous_11)
FNDA:8,logActivity
FNDA:59,(anonymous_13)
FNDA:59,(anonymous_14)
FNDA:0,(anonymous_15)
FNDA:0,(anonymous_16)
FNDA:0,(anonymous_17)
FNDA:1,(anonymous_18)
FNDA:10,(anonymous_19)
FNDA:1,(anonymous_20)
FNDA:1,(anonymous_21)
FNDA:1,(anonymous_22)
FNDA:2,(anonymous_23)
FNDA:0,(anonymous_24)
FNDA:3,(anonymous_25)
FNDA:2,(anonymous_26)
FNDA:14,(anonymous_27)
FNDA:2,(anonymous_28)
FNDA:1,(anonymous_29)
FNDA:1,(anonymous_30)
FNDA:1,(anonymous_31)
FNDA:2,(anonymous_32)
FNDA:6,(anonymous_33)
FNDA:1,(anonymous_34)
FNDA:1,(anonymous_35)
FNDA:1,(anonymous_36)
FNDA:2,(anonymous_37)
FNDA:1,(anonymous_38)
FNDA:2,(anonymous_39)
FNDA:2,(anonymous_40)
FNDA:0,(anonymous_41)
FNDA:0,(anonymous_42)
FNDA:1,(anonymous_43)
FNDA:2,(anonymous_44)
DA:1,7
DA:2,7
DA:3,7
DA:5,7
DA:6,7
DA:7,7
DA:8,7
DA:12,7
DA:13,7
DA:14,7
DA:20,7
DA:23,7
DA:26,63
DA:31,63
DA:33,0
DA:41,7
DA:42,7
DA:45,7
DA:46,61
DA:47,61
DA:48,61
DA:49,61
DA:52,61
DA:58,0
DA:59,0
DA:61,0
DA:65,7
DA:66,2
DA:67,2
DA:70,2
DA:71,1
DA:73,1
DA:74,0
DA:76,1
DA:77,1
DA:80,0
DA:82,0
DA:83,0
DA:84,0
DA:85,0
DA:86,0
DA:88,0
DA:94,0
DA:95,0
DA:96,0
DA:99,0
DA:100,0
DA:101,0
DA:102,0
DA:105,0
DA:112,0
DA:113,0
DA:120,0
DA:121,0
DA:126,7
DA:129,7
DA:131,7
DA:132,7
DA:133,7
DA:137,7
DA:138,0
DA:139,0
DA:143,0
DA:144,0
DA:146,0
DA:151,7
DA:152,0
DA:153,0
DA:154,0
DA:156,0
DA:157,0
DA:159,0
DA:160,0
DA:161,0
DA:162,0
DA:164,0
DA:166,0
DA:168,0
DA:169,0
DA:173,7
DA:174,0
DA:175,0
DA:176,0
DA:178,0
DA:183,7
DA:190,8
DA:194,8
DA:195,8
DA:196,0
DA:197,0
DA:199,8
DA:200,8
DA:201,8
DA:202,8
DA:204,0
DA:206,8
DA:210,7
DA:211,59
DA:212,59
DA:213,59
DA:214,59
DA:216,59
DA:221,7
DA:223,0
DA:224,0
DA:228,7
DA:229,0
DA:230,0
DA:234,7
DA:235,0
DA:236,0
DA:241,0
DA:245,0
DA:249,7
DA:250,1
DA:251,1
DA:254,7
DA:255,10
DA:256,10
DA:257,10
DA:261,8
DA:267,8
DA:269,2
DA:273,7
DA:274,1
DA:275,1
DA:276,1
DA:277,0
DA:279,1
DA:286,7
DA:287,1
DA:288,1
DA:289,0
DA:291,1
DA:292,1
DA:293,1
DA:294,2
DA:295,2
DA:296,2
DA:300,2
DA:302,1
DA:304,0
DA:307,7
DA:308,1
DA:309,1
DA:310,0
DA:312,1
DA:313,1
DA:316,1
DA:318,0
DA:321,7
DA:322,2
DA:325,2
DA:331,7
DA:332,0
DA:333,0
DA:334,0
DA:335,0
DA:340,0
DA:341,0
DA:342,0
DA:343,0
DA:346,0
DA:348,0
DA:352,7
DA:353,3
DA:354,3
DA:356,3
DA:357,3
DA:358,3
DA:359,3
DA:360,3
DA:361,1
DA:368,3
DA:369,3
DA:370,3
DA:372,0
DA:377,7
DA:378,2
DA:379,2
DA:381,2
DA:382,2
DA:383,2
DA:384,1
DA:390,2
DA:391,2
DA:392,2
DA:394,0
DA:398,7
DA:399,14
DA:400,14
DA:401,14
DA:402,2
DA:403,2
DA:405,12
DA:406,12
DA:409,11
DA:411,11
DA:412,11
DA:413,11
DA:414,11
DA:416,0
DA:417,0
DA:419,11
DA:421,1
DA:425,7
DA:426,2
DA:428,2
DA:430,2
DA:431,2
DA:432,0
DA:434,2
DA:435,2
DA:436,2
DA:437,1
DA:439,1
DA:440,1
DA:442,0
DA:444,0
DA:445,0
DA:446,0
DA:447,0
DA:450,0
DA:452,0
DA:457,7
DA:458,1
DA:459,1
DA:461,1
DA:462,1
DA:463,1
DA:465,1
DA:478,1
DA:479,1
DA:480,1
DA:481,1
DA:483,0
DA:485,0
DA:486,0
DA:493,7
DA:494,1
DA:495,1
DA:496,0
DA:498,1
DA:499,1
DA:500,1
DA:501,2
DA:502,2
DA:503,2
DA:507,2
DA:509,1
DA:511,0
DA:514,7
DA:515,1
DA:516,1
DA:517,0
DA:519,1
DA:520,1
DA:523,1
DA:525,0
DA:528,7
DA:529,2
DA:530,2
DA:539,2
DA:541,0
DA:545,7
DA:546,6
DA:547,6
DA:548,6
DA:551,5
DA:553,1
DA:558,7
DA:559,1
DA:560,1
DA:563,1
DA:565,0
DA:569,7
DA:570,1
DA:571,1
DA:572,1
DA:573,1
DA:575,0
DA:579,7
DA:580,1
DA:581,1
DA:582,1
DA:583,1
DA:587,1
DA:589,0
DA:593,7
DA:594,2
DA:595,2
DA:596,2
DA:599,1
DA:601,1
DA:606,7
DA:607,1
DA:608,1
DA:611,1
DA:613,0
DA:617,7
DA:618,2
DA:619,2
DA:620,2
DA:623,1
DA:625,1
DA:630,7
DA:631,2
DA:632,2
DA:633,2
DA:636,1
DA:638,1
DA:646,7
DA:647,0
DA:653,0
DA:656,0
DA:662,0
DA:663,0
DA:670,0
DA:671,0
DA:680,0
DA:686,0
DA:691,0
DA:693,0
DA:694,0
DA:695,0
DA:701,0
DA:702,0
DA:705,0
DA:707,0
DA:713,0
DA:714,0
DA:717,0
DA:718,0
DA:719,0
DA:724,0
DA:727,0
DA:728,0
DA:729,0
DA:730,0
DA:736,0
DA:743,0
DA:744,0
DA:745,0
DA:751,0
DA:752,0
DA:753,0
DA:760,7
DA:761,0
DA:765,7
DA:766,1
DA:767,1
DA:771,7
DA:772,2
DA:773,2
DA:774,2
DA:776,0
DA:780,7
LF:357
LH:225
BRDA:26,0,0,63
BRDA:26,0,1,0
BRDA:27,1,0,63
BRDA:27,1,1,0
BRDA:27,1,2,0
BRDA:58,2,0,0
BRDA:58,3,0,0
BRDA:58,3,1,0
BRDA:70,4,0,1
BRDA:70,5,0,2
BRDA:70,5,1,1
BRDA:73,6,0,0
BRDA:76,7,0,1
BRDA:76,8,0,1
BRDA:76,8,1,1
BRDA:88,9,0,0
BRDA:88,9,1,0
BRDA:88,9,2,0
BRDA:88,9,3,0
BRDA:88,9,4,0
BRDA:95,10,0,0
BRDA:101,11,0,0
BRDA:160,12,0,0
BRDA:160,12,1,0
BRDA:195,13,0,0
BRDA:195,14,0,8
BRDA:195,14,1,0
BRDA:197,15,0,0
BRDA:200,16,0,8
BRDA:200,16,1,0
BRDA:288,17,0,0
BRDA:288,18,0,1
BRDA:288,18,1,1
BRDA:295,19,0,0
BRDA:300,20,0,2
BRDA:309,21,0,0
BRDA:309,22,0,1
BRDA:309,22,1,1
BRDA:340,23,0,0
BRDA:342,24,0,0
BRDA:356,25,0,1
BRDA:357,26,0,1
BRDA:358,27,0,0
BRDA:359,28,0,0
BRDA:360,29,0,1
BRDA:381,30,0,1
BRDA:382,31,0,0
BRDA:383,32,0,1
BRDA:401,33,0,2
BRDA:401,34,0,14
BRDA:401,34,1,14
BRDA:401,34,2,14
BRDA:401,34,3,14
BRDA:401,34,4,14
BRDA:411,35,0,11
BRDA:411,35,1,0
BRDA:428,36,0,2
BRDA:428,36,1,0
BRDA:430,37,0,2
BRDA:430,37,1,2
BRDA:431,38,0,0
BRDA:431,39,0,2
BRDA:431,39,1,0
BRDA:436,40,0,1
BRDA:439,41,0,1
BRDA:439,42,0,1
BRDA:439,42,1,1
BRDA:444,43,0,0
BRDA:446,44,0,0
BRDA:479,45,0,1
BRDA:495,46,0,0
BRDA:495,47,0,1
BRDA:495,47,1,1
BRDA:502,48,0,0
BRDA:507,49,0,2
BRDA:516,50,0,0
BRDA:516,51,0,1
BRDA:516,51,1,1
BRDA:662,52,0,0
BRDA:662,53,0,0
BRDA:662,53,1,0
BRDA:670,54,0,0
BRDA:670,55,0,0
BRDA:670,55,1,0
BRDA:680,56,0,0
BRDA:681,57,0,0
BRDA:681,57,1,0
BRDA:681,57,2,0
BRDA:681,57,3,0
BRDA:694,58,0,0
BRDA:701,59,0,0
BRDA:705,60,0,0
BRDA:705,61,0,0
BRDA:705,61,1,0
BRDA:705,61,2,0
BRDA:713,62,0,0
BRDA:717,63,0,0
BRDA:727,64,0,0
BRDA:727,64,1,0
BRDA:728,65,0,0
BRDA:751,66,0,0
BRDA:751,66,1,0
BRDA:773,67,0,2
BRDA:773,67,1,0
BRDA:773,68,0,2
BRDA:773,68,1,2
BRDA:773,68,2,2
BRDA:773,68,3,2
BRDA:774,69,0,2
BRDA:774,69,1,0
BRDA:774,70,0,2
BRDA:774,70,1,0
BRF:112
BRH:48
end_of_record
TN:
SF:src\websocket.ts
FN:9,setupWebSocket
FN:16,(anonymous_1)
FN:19,(anonymous_2)
FN:27,broadcastUpdate
FN:35,broadcastActivityLogUpdate
FNF:5
FNH:5
FNDA:2,setupWebSocket
FNDA:3,(anonymous_1)
FNDA:3,(anonymous_2)
FNDA:2,broadcastUpdate
FNDA:2,broadcastActivityLogUpdate
DA:1,2
DA:9,2
DA:10,2
DA:16,2
DA:17,3
DA:18,3
DA:19,3
DA:20,3
DA:21,3
DA:28,2
DA:29,2
DA:30,2
DA:31,2
DA:36,2
DA:37,2
DA:38,2
DA:39,2
DA:42,2
LF:18
LH:18
BRF:0
BRH:0
end_of_record
TN:
SF:tests\setupBroadcastMock.ts
FN:5,(anonymous_0)
FN:6,(anonymous_1)
FNF:2
FNH:2
FNDA:9,(anonymous_0)
FNDA:6,(anonymous_1)
DA:1,5
DA:5,5
DA:6,5
LF:3
LH:3
BRF:0
BRH:0
end_of_record
